2023-11-06 09:22:33 INFO  LoginTest_TC__002 - Opened Android Apk File
2023-11-06 09:22:37 INFO  LoginTest_TC__002 - Entered Username
2023-11-06 09:22:39 INFO  LoginTest_TC__002 - Entered Password
2023-11-06 09:22:42 INFO  LoginTest_TC__002 - Clicked Submit Button
2023-11-06 09:22:45 INFO  LoginTest_TC__002 - HomePage is Displayed
2023-11-06 09:22:45 INFO  LoginTest_TC__002 - Assertion Passed
2023-11-06 09:22:48 INFO  LoginTest_TC__002 - Clicked Add Patient Button
2023-11-06 09:22:49 INFO  LoginTest_TC__002 - Entered Patient Name Field
2023-11-06 09:22:50 INFO  LoginTest_TC__002 - Entered Patient Phone Number Field
2023-11-06 09:22:53 INFO  LoginTest_TC__002 - Clicked Gender male Btn
2023-11-06 09:22:55 INFO  LoginTest_TC__002 - Entered Patient Occupation Field
2023-11-06 09:22:57 INFO  LoginTest_TC__002 - Entered Emergency PhoneNo Field
2023-11-06 09:23:00 INFO  LoginTest_TC__002 - Entered Patient Address Field
2023-11-06 09:23:02 INFO  LoginTest_TC__002 - Entered Patient Alergy Field
2023-11-06 09:23:03 INFO  LoginTest_TC__002 - Entered Patient History Field
2023-11-06 09:23:05 INFO  LoginTest_TC__002 - Entered Patient Habbits Field
2023-11-06 09:23:06 INFO  LoginTest_TC__002 - Entered Comma in Habits Field
2023-11-06 09:23:08 INFO  LoginTest_TC__002 - Entered again Patient Habit Field
2023-11-06 09:23:10 INFO  LoginTest_TC__002 - Entered Patient Remarks Field
2023-11-06 09:23:12 INFO  LoginTest_TC__002 - Clicked Save Button
2023-11-06 09:24:21 INFO  LoginTest_TC__002 - Opened Android Apk File
2023-11-06 09:24:26 INFO  LoginTest_TC__002 - Entered Username
2023-11-06 09:24:28 INFO  LoginTest_TC__002 - Entered Password
2023-11-06 09:24:30 INFO  LoginTest_TC__002 - Clicked Submit Button
2023-11-06 09:24:34 INFO  LoginTest_TC__002 - HomePage is Displayed
2023-11-06 09:24:34 INFO  LoginTest_TC__002 - Assertion Passed
2023-11-06 09:24:36 INFO  LoginTest_TC__002 - Clicked Add Patient Button
2023-11-06 09:24:38 INFO  LoginTest_TC__002 - Entered Patient Name Field
2023-11-06 09:24:40 INFO  LoginTest_TC__002 - Entered Patient Phone Number Field
2023-11-06 09:24:42 INFO  LoginTest_TC__002 - Clicked Gender male Btn
2023-11-06 09:24:44 INFO  LoginTest_TC__002 - Entered Patient Occupation Field
2023-11-06 09:24:45 INFO  LoginTest_TC__002 - Entered Emergency PhoneNo Field
2023-11-06 09:24:47 INFO  LoginTest_TC__002 - Entered Patient Address Field
2023-11-06 09:24:49 INFO  LoginTest_TC__002 - Entered Patient Alergy Field
2023-11-06 09:24:51 INFO  LoginTest_TC__002 - Entered Patient History Field
2023-11-06 09:24:53 INFO  LoginTest_TC__002 - Entered Patient Habbits Field
2023-11-06 09:24:55 INFO  LoginTest_TC__002 - Entered Comma in Habits Field
2023-11-06 09:24:57 INFO  LoginTest_TC__002 - Entered again Patient Habit Field
2023-11-06 09:25:00 INFO  LoginTest_TC__002 - Entered Patient Remarks Field
2023-11-06 09:25:03 INFO  LoginTest_TC__002 - Clicked Save Button
2023-11-06 09:33:27 INFO  LoginTest_TC__002 - Opened Android Apk File
2023-11-06 09:33:32 INFO  LoginTest_TC__002 - Entered Username
2023-11-06 09:33:34 INFO  LoginTest_TC__002 - Entered Password
2023-11-06 09:33:36 INFO  LoginTest_TC__002 - Clicked Submit Button
2023-11-06 09:33:40 INFO  LoginTest_TC__002 - HomePage is Displayed
2023-11-06 09:33:40 INFO  LoginTest_TC__002 - Assertion Passed
2023-11-06 09:33:42 INFO  LoginTest_TC__002 - Clicked Add Patient Button
2023-11-06 09:33:44 INFO  LoginTest_TC__002 - Entered Patient Name Field
2023-11-06 09:33:45 INFO  LoginTest_TC__002 - Entered Patient Phone Number Field
2023-11-06 09:33:48 INFO  LoginTest_TC__002 - Clicked Gender male Btn
2023-11-06 09:33:51 INFO  LoginTest_TC__002 - Clicked Date Of Birth Btn
2023-11-06 09:33:53 INFO  LoginTest_TC__002 - Clicked DOb OK Btn
2023-11-06 09:33:55 INFO  LoginTest_TC__002 - Entered Patient Occupation Field
2023-11-06 09:33:57 INFO  LoginTest_TC__002 - Entered Emergency PhoneNo Field
2023-11-06 09:33:59 INFO  LoginTest_TC__002 - Entered Patient Address Field
2023-11-06 09:34:01 INFO  LoginTest_TC__002 - Entered Patient Alergy Field
2023-11-06 09:34:03 INFO  LoginTest_TC__002 - Entered Patient History Field
2023-11-06 09:34:05 INFO  LoginTest_TC__002 - Entered Patient Habbits Field
2023-11-06 09:34:07 INFO  LoginTest_TC__002 - Entered Comma in Habits Field
2023-11-06 09:34:09 INFO  LoginTest_TC__002 - Entered again Patient Habit Field
2023-11-06 09:34:11 INFO  LoginTest_TC__002 - Entered Patient Remarks Field
2023-11-06 09:34:14 INFO  LoginTest_TC__002 - Clicked Save Button
2023-11-06 09:34:16 INFO  LoginTest_TC__002 - Assertion Passed
2023-11-06 09:34:18 INFO  LoginTest_TC__002 - Clicked OK Button
2023-11-06 09:35:45 INFO  LoginTest_TC__002 - Opened Android Apk File
2023-11-06 09:35:50 INFO  LoginTest_TC__002 - Entered Username
2023-11-06 09:35:52 INFO  LoginTest_TC__002 - Entered Password
2023-11-06 09:35:55 INFO  LoginTest_TC__002 - Clicked Submit Button
2023-11-06 09:35:58 INFO  LoginTest_TC__002 - HomePage is Displayed
2023-11-06 09:35:58 INFO  LoginTest_TC__002 - Assertion Passed
2023-11-06 09:36:01 INFO  LoginTest_TC__002 - Clicked Add Patient Button
2023-11-06 09:36:02 INFO  LoginTest_TC__002 - Entered Patient Name Field
2023-11-06 09:36:03 INFO  LoginTest_TC__002 - Entered Patient Phone Number Field
2023-11-06 09:36:06 INFO  LoginTest_TC__002 - Clicked Gender male Btn
2023-11-06 09:36:09 INFO  LoginTest_TC__002 - Clicked Date Of Birth Btn
2023-11-06 09:36:11 INFO  LoginTest_TC__002 - Clicked DOb OK Btn
2023-11-06 09:36:13 INFO  LoginTest_TC__002 - Entered Patient Occupation Field
2023-11-06 09:36:14 INFO  LoginTest_TC__002 - Entered Emergency PhoneNo Field
2023-11-06 09:36:16 INFO  LoginTest_TC__002 - Entered Patient Address Field
2023-11-06 09:36:18 INFO  LoginTest_TC__002 - Entered Patient Alergy Field
2023-11-06 09:36:20 INFO  LoginTest_TC__002 - Entered Patient History Field
2023-11-06 09:36:22 INFO  LoginTest_TC__002 - Entered Patient Habbits Field
2023-11-06 09:36:22 INFO  LoginTest_TC__002 - Entered Comma in Habits Field
2023-11-06 09:36:23 INFO  LoginTest_TC__002 - Entered again Patient Habit Field
2023-11-06 09:36:25 INFO  LoginTest_TC__002 - Entered Patient Remarks Field
2023-11-06 09:36:27 INFO  LoginTest_TC__002 - Clicked Save Button
2023-11-06 09:36:29 INFO  LoginTest_TC__002 - Assertion Passed
2023-11-06 09:36:32 INFO  LoginTest_TC__002 - Clicked OK Button
2023-11-06 09:38:48 INFO  LoginTest_TC__002 - Opened Android Apk File
2023-11-06 09:38:52 INFO  LoginTest_TC__002 - Entered Username
2023-11-06 09:38:53 INFO  LoginTest_TC__002 - Entered Password
2023-11-06 09:38:56 INFO  LoginTest_TC__002 - Clicked Submit Button
2023-11-06 09:39:01 INFO  LoginTest_TC__002 - HomePage is Displayed
2023-11-06 09:39:01 INFO  LoginTest_TC__002 - Assertion Passed
2023-11-06 09:39:03 INFO  LoginTest_TC__002 - Clicked Add Patient Button
2023-11-06 09:39:04 INFO  LoginTest_TC__002 - Entered Patient Name Field
2023-11-06 09:39:06 INFO  LoginTest_TC__002 - Entered Patient Phone Number Field
2023-11-06 09:39:09 INFO  LoginTest_TC__002 - Clicked Gender male Btn
2023-11-06 09:39:12 INFO  LoginTest_TC__002 - Clicked Date Of Birth Btn
2023-11-06 09:39:14 INFO  LoginTest_TC__002 - Clicked DOb OK Btn
2023-11-06 09:39:16 INFO  LoginTest_TC__002 - Entered Patient Occupation Field
2023-11-06 09:39:18 INFO  LoginTest_TC__002 - Entered Emergency PhoneNo Field
2023-11-06 09:39:20 INFO  LoginTest_TC__002 - Entered Patient Address Field
2023-11-06 09:39:21 INFO  LoginTest_TC__002 - Entered Patient Alergy Field
2023-11-06 09:39:23 INFO  LoginTest_TC__002 - Entered Patient History Field
2023-11-06 09:39:25 INFO  LoginTest_TC__002 - Entered Patient Habbits Field
2023-11-06 09:39:27 INFO  LoginTest_TC__002 - Entered Patient Remarks Field
2023-11-06 09:39:30 INFO  LoginTest_TC__002 - Clicked Save Button
2023-11-06 09:39:32 INFO  LoginTest_TC__002 - Assertion Passed
2023-11-06 09:39:35 INFO  LoginTest_TC__002 - Clicked OK Button
2023-11-06 09:40:16 INFO  LoginTest_TC__002 - Opened Android Apk File
2023-11-06 09:40:20 INFO  LoginTest_TC__002 - Entered Username
2023-11-06 09:40:22 INFO  LoginTest_TC__002 - Entered Password
2023-11-06 09:40:25 INFO  LoginTest_TC__002 - Clicked Submit Button
2023-11-06 09:40:28 INFO  LoginTest_TC__002 - HomePage is Displayed
2023-11-06 09:40:28 INFO  LoginTest_TC__002 - Assertion Passed
2023-11-06 09:40:32 INFO  LoginTest_TC__002 - Clicked Menu  Btn
2023-11-06 09:40:34 INFO  LoginTest_TC__002 - Clicked Menu Patient Btn
2023-11-06 09:40:36 INFO  LoginTest_TC__002 - Clicked Add Patient Btn
2023-11-06 09:40:38 INFO  LoginTest_TC__002 - Entered Patient Name Field
2023-11-06 09:40:39 INFO  LoginTest_TC__002 - Entered Patient Phone Number Field
2023-11-06 09:40:42 INFO  LoginTest_TC__002 - Clicked Gender male Btn
2023-11-06 09:40:44 INFO  LoginTest_TC__002 - Clicked Date Of Birth Btn
2023-11-06 09:40:46 INFO  LoginTest_TC__002 - Clicked DOb OK Btn
2023-11-06 09:40:49 INFO  LoginTest_TC__002 - Clicked Save Button
2023-11-06 15:20:31 INFO  Appointments_TC__004 - Opened Android Apk File
2023-11-06 15:20:36 INFO  Appointments_TC__004 - Entered Username
2023-11-06 15:20:38 INFO  Appointments_TC__004 - Entered Password
2023-11-06 15:20:41 INFO  Appointments_TC__004 - Clicked Submit Button
2023-11-06 15:20:45 INFO  Appointments_TC__004 - HomePage is Displayed
2023-11-06 15:20:45 INFO  Appointments_TC__004 - Assertion Passed
2023-11-06 15:20:47 INFO  Appointments_TC__004 - Clicked Book Appointment
2023-11-06 15:20:49 INFO  Appointments_TC__004 - Entered Full name
2023-11-06 15:20:50 INFO  Appointments_TC__004 - Entered Phone Number
2023-11-06 15:20:52 INFO  Appointments_TC__004 - Entered Visit Reason
2023-11-06 15:33:39 INFO  Appointments_TC__004 - Opened Android Apk File
2023-11-06 15:33:44 INFO  Appointments_TC__004 - Entered Username
2023-11-06 15:33:46 INFO  Appointments_TC__004 - Entered Password
2023-11-06 15:33:48 INFO  Appointments_TC__004 - Clicked Submit Button
2023-11-06 15:34:20 INFO  Appointments_TC__004 - Opened Android Apk File
2023-11-06 15:34:24 INFO  Appointments_TC__004 - Entered Username
2023-11-06 15:34:26 INFO  Appointments_TC__004 - Entered Password
2023-11-06 15:34:29 INFO  Appointments_TC__004 - Clicked Submit Button
2023-11-06 15:34:33 INFO  Appointments_TC__004 - HomePage is Displayed
2023-11-06 15:34:33 INFO  Appointments_TC__004 - Assertion Passed
2023-11-06 15:34:35 INFO  Appointments_TC__004 - Clicked Book Appointment
2023-11-06 15:34:36 INFO  Appointments_TC__004 - Entered Full name
2023-11-06 15:34:38 INFO  Appointments_TC__004 - Entered Phone Number
2023-11-06 15:34:41 INFO  Appointments_TC__004 - Entered Visit Reason
2023-11-06 15:34:41 INFO  Appointments_TC__004 - Entered Current Date
2023-11-06 15:34:44 INFO  Appointments_TC__004 - Clicked Timing of Appointment
2023-11-06 15:35:51 INFO  Appointments_TC__004 - Opened Android Apk File
2023-11-06 15:35:56 INFO  Appointments_TC__004 - Entered Username
2023-11-06 15:35:58 INFO  Appointments_TC__004 - Entered Password
2023-11-06 15:36:01 INFO  Appointments_TC__004 - Clicked Submit Button
2023-11-06 15:36:05 INFO  Appointments_TC__004 - HomePage is Displayed
2023-11-06 15:36:05 INFO  Appointments_TC__004 - Assertion Passed
2023-11-06 15:36:07 INFO  Appointments_TC__004 - Clicked Book Appointment
2023-11-06 15:36:09 INFO  Appointments_TC__004 - Entered Full name
2023-11-06 15:36:11 INFO  Appointments_TC__004 - Entered Phone Number
2023-11-06 15:36:13 INFO  Appointments_TC__004 - Entered Visit Reason
2023-11-06 15:36:14 INFO  Appointments_TC__004 - Entered Current Date
2023-11-06 15:36:16 INFO  Appointments_TC__004 - Clicked Timing of Appointment
2023-11-06 15:37:38 INFO  Appointments_TC__004 - Opened Android Apk File
2023-11-06 15:37:42 INFO  Appointments_TC__004 - Entered Username
2023-11-06 15:37:44 INFO  Appointments_TC__004 - Entered Password
2023-11-06 15:37:48 INFO  Appointments_TC__004 - Clicked Submit Button
2023-11-06 15:37:51 INFO  Appointments_TC__004 - HomePage is Displayed
2023-11-06 15:37:51 INFO  Appointments_TC__004 - Assertion Passed
2023-11-06 15:37:53 INFO  Appointments_TC__004 - Clicked Book Appointment
2023-11-06 15:37:55 INFO  Appointments_TC__004 - Entered Full name
2023-11-06 15:37:57 INFO  Appointments_TC__004 - Entered Phone Number
2023-11-06 15:37:59 INFO  Appointments_TC__004 - Entered Visit Reason
2023-11-06 15:38:00 INFO  Appointments_TC__004 - Entered Current Date
2023-11-06 15:38:02 INFO  Appointments_TC__004 - Clicked Timing of Appointment
2023-11-06 15:39:04 INFO  Appointments_TC__004 - Opened Android Apk File
2023-11-06 15:39:08 INFO  Appointments_TC__004 - Entered Username
2023-11-06 15:39:10 INFO  Appointments_TC__004 - Entered Password
2023-11-06 15:39:13 INFO  Appointments_TC__004 - Clicked Submit Button
2023-11-06 15:39:16 INFO  Appointments_TC__004 - HomePage is Displayed
2023-11-06 15:39:16 INFO  Appointments_TC__004 - Assertion Passed
2023-11-06 15:39:18 INFO  Appointments_TC__004 - Clicked Book Appointment
2023-11-06 15:39:20 INFO  Appointments_TC__004 - Entered Full name
2023-11-06 15:39:21 INFO  Appointments_TC__004 - Entered Phone Number
2023-11-06 15:39:23 INFO  Appointments_TC__004 - Entered Visit Reason
2023-11-06 15:39:24 INFO  Appointments_TC__004 - Entered Current Date
2023-11-06 15:39:28 INFO  Appointments_TC__004 - Scrolled the timing to 10:30
2023-11-06 15:39:30 INFO  Appointments_TC__004 - Clicked Timing of Appointment
2023-11-06 15:44:11 INFO  Appointments_TC__004 - Opened Android Apk File
2023-11-06 15:44:15 INFO  Appointments_TC__004 - Entered Username
2023-11-06 15:44:17 INFO  Appointments_TC__004 - Entered Password
2023-11-06 15:44:19 INFO  Appointments_TC__004 - Clicked Submit Button
2023-11-06 15:44:23 INFO  Appointments_TC__004 - HomePage is Displayed
2023-11-06 15:44:23 INFO  Appointments_TC__004 - Assertion Passed
2023-11-06 15:44:25 INFO  Appointments_TC__004 - Clicked Book Appointment
2023-11-06 15:44:27 INFO  Appointments_TC__004 - Entered Full name
2023-11-06 15:44:28 INFO  Appointments_TC__004 - Entered Phone Number
2023-11-06 15:44:31 INFO  Appointments_TC__004 - Entered Visit Reason
2023-11-06 15:44:32 INFO  Appointments_TC__004 - Entered Current Date
2023-11-06 15:44:37 INFO  Appointments_TC__004 - Scrolled the timing to 10:30
2023-11-06 15:44:39 INFO  Appointments_TC__004 - Clicked Timing of Appointment
2023-11-06 15:44:44 INFO  Appointments_TC__004 - Assertion Passed
2023-11-06 15:45:27 INFO  Appointments_TC__004 - Opened Android Apk File
2023-11-06 15:45:32 INFO  Appointments_TC__004 - Entered Username
2023-11-06 15:45:34 INFO  Appointments_TC__004 - Entered Password
2023-11-06 15:45:37 INFO  Appointments_TC__004 - Clicked Submit Button
2023-11-06 15:45:40 INFO  Appointments_TC__004 - HomePage is Displayed
2023-11-06 15:45:40 INFO  Appointments_TC__004 - Assertion Passed
2023-11-06 15:45:42 INFO  Appointments_TC__004 - Clicked Book Appointment
2023-11-06 15:45:44 INFO  Appointments_TC__004 - Entered Full name
2023-11-06 15:45:46 INFO  Appointments_TC__004 - Entered Phone Number
2023-11-06 15:45:48 INFO  Appointments_TC__004 - Entered Visit Reason
2023-11-06 15:45:49 INFO  Appointments_TC__004 - Entered Current Date
2023-11-06 15:45:54 INFO  Appointments_TC__004 - Scrolled the timing to 10:30
2023-11-06 15:45:57 INFO  Appointments_TC__004 - Clicked Timing of Appointment
2023-11-06 15:46:01 INFO  Appointments_TC__004 - Assertion Passed
2023-11-06 19:02:12 INFO  Appointments_TC__004 - Opened Android Apk File
2023-11-06 19:02:16 INFO  Appointments_TC__004 - Entered Username
2023-11-06 19:02:17 INFO  Appointments_TC__004 - Entered Password
2023-11-06 19:02:20 INFO  Appointments_TC__004 - Clicked Submit Button
2023-11-06 19:02:24 INFO  Appointments_TC__004 - HomePage is Displayed
2023-11-06 19:02:24 INFO  Appointments_TC__004 - Assertion Passed
2023-11-06 19:02:26 INFO  Appointments_TC__004 - Clicked Book Appointment
2023-11-06 19:02:28 INFO  Appointments_TC__004 - Entered Full name
2023-11-06 19:02:30 INFO  Appointments_TC__004 - Entered Phone Number
2023-11-06 19:02:31 INFO  Appointments_TC__004 - Entered Visit Reason
2023-11-06 19:02:33 INFO  Appointments_TC__004 - Entered Current Date
2023-11-06 19:02:38 INFO  Appointments_TC__004 - Scrolled the timing to 10:30
2023-11-06 19:02:40 INFO  Appointments_TC__004 - Clicked Timing of Appointment
2023-11-06 19:02:44 INFO  Appointments_TC__004 - Assertion Passed
2023-11-06 19:02:47 INFO  Appointments_TC__004 - Clicked Success Message OK Btn
2023-11-06 19:03:00 INFO  Appointments_TC__004 - Clicked Menu Btn
2023-11-06 19:03:03 INFO  Appointments_TC__004 - Clicked Appointments Btn
2023-11-06 19:03:05 INFO  Appointments_TC__004 - Clicked Add Appointment
2023-11-06 19:03:06 INFO  Appointments_TC__004 - Entered Full name
2023-11-06 19:03:08 INFO  Appointments_TC__004 - Entered Phone Number
2023-11-06 19:03:09 INFO  Appointments_TC__004 - Entered Visit Reason
2023-11-06 19:03:36 INFO  Appointments_TC__004 - Opened Android Apk File
2023-11-06 19:03:40 INFO  Appointments_TC__004 - Entered Username
2023-11-06 19:03:42 INFO  Appointments_TC__004 - Entered Password
2023-11-06 19:03:54 INFO  Appointments_TC__004 - Clicked Submit Button
2023-11-06 19:03:58 INFO  Appointments_TC__004 - HomePage is Displayed
2023-11-06 19:03:58 INFO  Appointments_TC__004 - Assertion Passed
2023-11-06 19:04:10 INFO  Appointments_TC__004 - Clicked Book Appointment
2023-11-06 19:04:11 INFO  Appointments_TC__004 - Entered Full name
2023-11-06 19:04:13 INFO  Appointments_TC__004 - Entered Phone Number
2023-11-06 19:04:15 INFO  Appointments_TC__004 - Entered Visit Reason
2023-11-06 19:04:26 INFO  Appointments_TC__004 - Entered Current Date
2023-11-06 19:04:50 INFO  Appointments_TC__004 - Scrolled the timing to 10:30
2023-11-06 19:05:03 INFO  Appointments_TC__004 - Clicked Timing of Appointment
2023-11-06 19:05:17 INFO  Appointments_TC__004 - Assertion Passed
2023-11-06 19:05:29 INFO  Appointments_TC__004 - Clicked Success Message OK Btn
2023-11-06 19:05:32 INFO  Appointments_TC__004 - Clicked Menu Btn
2023-11-06 19:05:34 INFO  Appointments_TC__004 - Clicked Appointments Btn
2023-11-06 19:05:36 INFO  Appointments_TC__004 - Clicked Add Appointment
2023-11-06 19:05:38 INFO  Appointments_TC__004 - Entered Full name
2023-11-06 19:05:39 INFO  Appointments_TC__004 - Entered Phone Number
2023-11-06 19:05:40 INFO  Appointments_TC__004 - Entered Visit Reason
2023-11-06 19:08:24 INFO  Appointments_TC__004 - Opened Android Apk File
2023-11-06 19:08:28 INFO  Appointments_TC__004 - Entered Username
2023-11-06 19:08:30 INFO  Appointments_TC__004 - Entered Password
2023-11-06 19:08:43 INFO  Appointments_TC__004 - Clicked Submit Button
2023-11-06 19:08:46 INFO  Appointments_TC__004 - HomePage is Displayed
2023-11-06 19:08:46 INFO  Appointments_TC__004 - Assertion Passed
2023-11-06 19:08:59 INFO  Appointments_TC__004 - Clicked Menu Btn
2023-11-06 19:09:01 INFO  Appointments_TC__004 - Clicked Appointments Btn
2023-11-06 19:09:03 INFO  Appointments_TC__004 - Clicked Add Appointment
2023-11-06 19:09:05 INFO  Appointments_TC__004 - Entered Full name
2023-11-06 19:09:06 INFO  Appointments_TC__004 - Entered Phone Number
2023-11-06 19:09:07 INFO  Appointments_TC__004 - Entered Visit Reason
2023-11-06 19:12:22 INFO  Appointments_TC__004 - Opened Android Apk File
2023-11-06 19:12:26 INFO  Appointments_TC__004 - Entered Username
2023-11-06 19:12:28 INFO  Appointments_TC__004 - Entered Password
2023-11-06 19:12:40 INFO  Appointments_TC__004 - Clicked Submit Button
2023-11-06 19:12:44 INFO  Appointments_TC__004 - HomePage is Displayed
2023-11-06 19:12:44 INFO  Appointments_TC__004 - Assertion Passed
2023-11-06 19:12:56 INFO  Appointments_TC__004 - Clicked Menu Btn
2023-11-06 19:13:08 INFO  Appointments_TC__004 - Clicked Appointments Btn
2023-11-06 19:13:20 INFO  Appointments_TC__004 - Clicked Add Appointment
2023-11-06 19:13:21 INFO  Appointments_TC__004 - Entered Full name
2023-11-06 19:13:23 INFO  Appointments_TC__004 - Entered Phone Number
2023-11-06 19:13:25 INFO  Appointments_TC__004 - Entered Visit Reason
2023-11-06 19:13:36 INFO  Appointments_TC__004 - Entered Current Date
2023-11-06 19:14:00 INFO  Appointments_TC__004 - Scrolled the timing to 10:30
2023-11-06 19:14:13 INFO  Appointments_TC__004 - Clicked Timing of Appointment
2023-11-06 19:14:25 INFO  Appointments_TC__004 - Clicked Cnfrm Appointment
2023-11-06 19:14:27 INFO  Appointments_TC__004 - Assertion Passed
2023-11-06 19:14:39 INFO  Appointments_TC__004 - Clicked Success Message OK Btn
2023-11-07 22:28:52 INFO  AddBilling - Opened Android Apk File
2023-11-07 22:28:56 INFO  AddBilling - Entered Username
2023-11-07 22:28:58 INFO  AddBilling - Entered Password
2023-11-07 22:29:01 INFO  AddBilling - Clicked Submit Button
2023-11-07 22:29:05 INFO  AddBilling - HomePage is Displayed
2023-11-07 22:29:05 INFO  AddBilling - Assertion Passed
2023-11-07 22:29:37 INFO  AddBilling - Opened Android Apk File
2023-11-07 22:29:42 INFO  AddBilling - Entered Username
2023-11-07 22:29:44 INFO  AddBilling - Entered Password
2023-11-07 22:29:47 INFO  AddBilling - Clicked Submit Button
2023-11-07 22:29:50 INFO  AddBilling - HomePage is Displayed
2023-11-07 22:29:50 INFO  AddBilling - Assertion Passed
2023-11-08 05:09:52 INFO  AddPrescription - Opened Android Apk File
2023-11-08 05:09:56 INFO  AddPrescription - Entered Username
2023-11-08 05:09:58 INFO  AddPrescription - Entered Password
2023-11-08 05:10:01 INFO  AddPrescription - Clicked Submit Button
2023-11-08 05:10:05 INFO  AddPrescription - HomePage is Displayed
2023-11-08 05:10:05 INFO  AddPrescription - Assertion Passed
2023-11-08 05:10:07 INFO  AddPrescription - Clicked Menu Btn
2023-11-08 05:10:11 INFO  AddPrescription - Clicked Prescription Btn
2023-11-08 05:10:13 INFO  AddPrescription - Clicked Add Prescription Btn
2023-11-08 05:10:14 INFO  AddPrescription - Entered Patient Name
2023-11-08 05:10:18 INFO  AddPrescription - Clicked Prescription Date Btn
2023-11-08 05:10:20 INFO  AddPrescription - Clicked Prescription Date Ok Btn
2023-11-08 05:10:21 INFO  AddPrescription - Entered Email Field
2023-11-08 05:10:23 INFO  AddPrescription - Entered Medicine Name Field
2023-11-08 05:10:25 INFO  AddPrescription - Entered Total Number Of Days Field
2023-11-08 05:10:27 INFO  AddPrescription - Entered Timing Input Field
2023-11-08 05:10:29 INFO  AddPrescription - Entered Amount Input Field
2023-11-08 05:10:32 INFO  AddPrescription - Clicked Plus Sign
2023-11-08 05:10:34 INFO  AddPrescription - Clicked Save And Print Btn
2023-11-21 21:59:59 INFO  AddPatient - Opened Android Apk File
2023-11-21 22:00:04 INFO  AddPatient - Entered Username
2023-11-21 22:00:06 INFO  AddPatient - Entered Password
2023-11-21 22:00:09 INFO  AddPatient - Clicked Submit Button
2023-11-21 22:00:14 INFO  AddPatient - HomePage is Displayed
2023-11-21 22:00:14 INFO  AddPatient - Assertion Passed
2023-11-21 22:00:16 INFO  AddPatient - Clicked Add Patient Button
2023-11-21 22:00:17 INFO  AddPatient - Entered Patient Name Field
2023-11-21 22:00:19 INFO  AddPatient - Entered Patient Phone Number Field
2023-11-21 22:00:22 INFO  AddPatient - Clicked Gender male Btn
2023-11-21 22:00:24 INFO  AddPatient - Clicked Date Of Birth Btn
2023-11-21 22:00:28 INFO  AddPatient - Clicked DOb OK Btn
2023-11-21 22:00:30 INFO  AddPatient - Entered Patient Occupation Field
2023-11-21 22:00:32 INFO  AddPatient - Entered Emergency PhoneNo Field
2023-11-21 22:00:34 INFO  AddPatient - Entered Patient Address Field
2023-11-21 22:00:35 INFO  AddPatient - Entered Patient Alergy Field
2023-11-21 22:00:37 INFO  AddPatient - Entered Patient History Field
2023-11-21 22:00:38 INFO  AddPatient - Entered Patient Habbits Field
2023-11-21 22:00:40 INFO  AddPatient - Entered Patient Remarks Field
2023-11-21 22:00:43 INFO  AddPatient - Clicked Save Button
2023-11-21 22:00:49 INFO  AddPatient - Clicked Menu  Btn
2023-11-21 22:00:52 INFO  AddPatient - Clicked Menu Patient Btn
2023-11-21 22:00:54 INFO  AddPatient - Clicked Add Patient Btn
2023-11-21 22:00:56 INFO  AddPatient - Entered Patient Name Field
2023-11-21 22:00:58 INFO  AddPatient - Entered Patient Phone Number Field
2023-11-21 22:01:01 INFO  AddPatient - Clicked Gender male Btn
2023-11-21 22:01:03 INFO  AddPatient - Clicked Date Of Birth Btn
2023-11-21 22:01:06 INFO  AddPatient - Clicked DOb OK Btn
2023-11-21 22:01:09 INFO  AddPatient - Clicked Save Button
2023-11-21 22:02:14 INFO  AddPatient - Opened Android Apk File
2023-11-21 22:02:18 INFO  AddPatient - Entered Username
2023-11-21 22:02:19 INFO  AddPatient - Entered Password
2023-11-21 22:02:22 INFO  AddPatient - Clicked Submit Button
2023-11-21 22:02:26 INFO  AddPatient - HomePage is Displayed
2023-11-21 22:02:26 INFO  AddPatient - Assertion Passed
2023-11-21 22:02:28 INFO  AddPatient - Clicked Add Patient Button
2023-11-21 22:02:30 INFO  AddPatient - Entered Patient Name Field
2023-11-21 22:02:32 INFO  AddPatient - Entered Patient Phone Number Field
2023-11-21 22:02:34 INFO  AddPatient - Clicked Gender male Btn
2023-11-21 22:02:37 INFO  AddPatient - Clicked Date Of Birth Btn
2023-11-21 22:02:40 INFO  AddPatient - Clicked DOb OK Btn
2023-11-21 22:02:42 INFO  AddPatient - Entered Patient Occupation Field
2023-11-21 22:02:43 INFO  AddPatient - Entered Emergency PhoneNo Field
2023-11-21 22:02:44 INFO  AddPatient - Entered Patient Address Field
2023-11-21 22:02:46 INFO  AddPatient - Entered Patient Alergy Field
2023-11-21 22:02:47 INFO  AddPatient - Entered Patient History Field
2023-11-21 22:02:48 INFO  AddPatient - Entered Patient Habbits Field
2023-11-21 22:02:50 INFO  AddPatient - Entered Patient Remarks Field
2023-11-21 22:02:52 INFO  AddPatient - Clicked Save Button
2023-11-21 22:02:58 INFO  AddPatient - Clicked Menu  Btn
2023-11-21 22:03:00 INFO  AddPatient - Clicked Menu Patient Btn
2023-11-21 22:03:03 INFO  AddPatient - Clicked Add Patient Btn
2023-11-21 22:03:04 INFO  AddPatient - Entered Patient Name Field
2023-11-21 22:03:05 INFO  AddPatient - Entered Patient Phone Number Field
2023-11-21 22:03:08 INFO  AddPatient - Clicked Gender male Btn
2023-11-21 22:03:11 INFO  AddPatient - Clicked Date Of Birth Btn
2023-11-21 22:03:14 INFO  AddPatient - Clicked DOb OK Btn
2023-11-21 22:03:16 INFO  AddPatient - Clicked Save Button
2023-11-21 22:07:03 INFO  AddPatient - Opened Android Apk File
2023-11-21 22:07:08 INFO  AddPatient - Entered Username
2023-11-21 22:07:10 INFO  AddPatient - Entered Password
2023-11-21 22:07:12 INFO  AddPatient - Clicked Submit Button
2023-11-21 22:07:16 INFO  AddPatient - HomePage is Displayed
2023-11-21 22:07:16 INFO  AddPatient - Assertion Passed
2023-11-21 22:07:18 INFO  AddPatient - Clicked Add Patient Button
2023-11-21 22:07:20 INFO  AddPatient - Entered Patient Name Field
2023-11-21 22:07:22 INFO  AddPatient - Entered Patient Phone Number Field
2023-11-21 22:07:25 INFO  AddPatient - Clicked Gender male Btn
2023-11-21 22:07:28 INFO  AddPatient - Clicked Date Of Birth Btn
2023-11-21 22:07:30 INFO  AddPatient - Clicked DOb OK Btn
2023-11-21 22:07:32 INFO  AddPatient - Entered Patient Occupation Field
2023-11-21 22:07:33 INFO  AddPatient - Entered Emergency PhoneNo Field
2023-11-21 22:07:35 INFO  AddPatient - Entered Patient Address Field
2023-11-21 22:07:37 INFO  AddPatient - Entered Patient Alergy Field
2023-11-21 22:07:38 INFO  AddPatient - Entered Patient History Field
2023-11-21 22:07:40 INFO  AddPatient - Entered Patient Habbits Field
2023-11-21 22:07:42 INFO  AddPatient - Entered Patient Remarks Field
2023-11-21 22:07:45 INFO  AddPatient - Clicked Save Button
2023-11-21 22:07:47 INFO  AddPatient - Assertion Passed
2023-11-21 22:07:49 INFO  AddPatient - Clicked OK Button
2023-11-21 22:08:07 INFO  AddPatient - Opened Android Apk File
2023-11-21 22:08:12 INFO  AddPatient - Entered Username
2023-11-21 22:08:13 INFO  AddPatient - Entered Password
2023-11-21 22:08:16 INFO  AddPatient - Clicked Submit Button
2023-11-21 22:08:19 INFO  AddPatient - HomePage is Displayed
2023-11-21 22:08:19 INFO  AddPatient - Assertion Passed
2023-11-21 22:08:21 INFO  AddPatient - Clicked Add Patient Button
2023-11-21 22:08:23 INFO  AddPatient - Entered Patient Name Field
2023-11-21 22:08:25 INFO  AddPatient - Entered Patient Phone Number Field
2023-11-21 22:08:28 INFO  AddPatient - Clicked Gender male Btn
2023-11-21 22:08:31 INFO  AddPatient - Clicked Date Of Birth Btn
2023-11-21 22:08:33 INFO  AddPatient - Clicked DOb OK Btn
2023-11-21 22:08:35 INFO  AddPatient - Entered Patient Occupation Field
2023-11-21 22:08:37 INFO  AddPatient - Entered Emergency PhoneNo Field
2023-11-21 22:08:38 INFO  AddPatient - Entered Patient Address Field
2023-11-21 22:08:40 INFO  AddPatient - Entered Patient Alergy Field
2023-11-21 22:08:43 INFO  AddPatient - Entered Patient History Field
2023-11-21 22:08:45 INFO  AddPatient - Entered Patient Habbits Field
2023-11-21 22:08:46 INFO  AddPatient - Entered Patient Remarks Field
2023-11-21 22:08:49 INFO  AddPatient - Clicked Save Button
2023-11-21 22:08:51 INFO  AddPatient - Assertion Passed
2023-11-21 22:08:53 INFO  AddPatient - Clicked OK Button
2023-11-21 22:08:57 INFO  AddPatient - Clicked Menu  Btn
2023-11-21 22:08:59 INFO  AddPatient - Clicked Menu Patient Btn
2023-11-21 22:09:02 INFO  AddPatient - Clicked Add Patient Btn
2023-11-21 22:09:03 INFO  AddPatient - Entered Patient Name Field
2023-11-21 22:09:04 INFO  AddPatient - Entered Patient Phone Number Field
2023-11-21 22:09:06 INFO  AddPatient - Clicked Gender male Btn
2023-11-21 22:09:08 INFO  AddPatient - Clicked Date Of Birth Btn
2023-11-21 22:09:11 INFO  AddPatient - Clicked DOb OK Btn
2023-11-21 22:09:13 INFO  AddPatient - Clicked Save Button
2023-11-21 22:09:41 INFO  AddPatient - Opened Android Apk File
2023-11-21 22:09:46 INFO  AddPatient - Entered Username
2023-11-21 22:09:47 INFO  AddPatient - Entered Password
2023-11-21 22:09:50 INFO  AddPatient - Clicked Submit Button
2023-11-21 22:09:54 INFO  AddPatient - HomePage is Displayed
2023-11-21 22:09:54 INFO  AddPatient - Assertion Passed
2023-11-21 22:09:56 INFO  AddPatient - Clicked Add Patient Button
2023-11-21 22:09:57 INFO  AddPatient - Entered Patient Name Field
2023-11-21 22:09:59 INFO  AddPatient - Entered Patient Phone Number Field
2023-11-21 22:10:02 INFO  AddPatient - Clicked Gender male Btn
2023-11-21 22:10:04 INFO  AddPatient - Clicked Date Of Birth Btn
2023-11-21 22:10:07 INFO  AddPatient - Clicked DOb OK Btn
2023-11-21 22:10:09 INFO  AddPatient - Entered Patient Occupation Field
2023-11-21 22:10:10 INFO  AddPatient - Entered Emergency PhoneNo Field
2023-11-21 22:10:12 INFO  AddPatient - Entered Patient Address Field
2023-11-21 22:10:14 INFO  AddPatient - Entered Patient Alergy Field
2023-11-21 22:10:16 INFO  AddPatient - Entered Patient History Field
2023-11-21 22:10:18 INFO  AddPatient - Entered Patient Habbits Field
2023-11-21 22:10:20 INFO  AddPatient - Entered Patient Remarks Field
2023-11-21 22:10:22 INFO  AddPatient - Clicked Save Button
2023-11-21 22:10:24 INFO  AddPatient - Assertion Passed
2023-11-21 22:10:26 INFO  AddPatient - Clicked OK Button
2023-11-21 22:10:29 INFO  AddPatient - Clicked Menu  Btn
2023-11-21 22:10:31 INFO  AddPatient - Clicked Menu Patient Btn
2023-11-21 22:10:33 INFO  AddPatient - Clicked Add Patient Btn
2023-11-21 22:10:35 INFO  AddPatient - Entered Patient Name Field
2023-11-21 22:10:36 INFO  AddPatient - Entered Patient Phone Number Field
2023-11-21 22:10:38 INFO  AddPatient - Clicked Gender male Btn
2023-11-21 22:10:40 INFO  AddPatient - Clicked Date Of Birth Btn
2023-11-21 22:10:43 INFO  AddPatient - Clicked DOb OK Btn
2023-11-21 22:10:45 INFO  AddPatient - Clicked Save Button
2023-11-21 22:11:02 INFO  AddPatient - Opened Android Apk File
2023-11-21 22:11:07 INFO  AddPatient - Entered Username
2023-11-21 22:11:09 INFO  AddPatient - Entered Password
2023-11-21 22:11:12 INFO  AddPatient - Clicked Submit Button
2023-11-21 22:11:15 INFO  AddPatient - HomePage is Displayed
2023-11-21 22:11:15 INFO  AddPatient - Assertion Passed
2023-11-21 22:11:17 INFO  AddPatient - Clicked Add Patient Button
2023-11-21 22:11:19 INFO  AddPatient - Entered Patient Name Field
2023-11-21 22:11:20 INFO  AddPatient - Entered Patient Phone Number Field
2023-11-21 22:11:23 INFO  AddPatient - Clicked Gender male Btn
2023-11-21 22:11:25 INFO  AddPatient - Clicked Date Of Birth Btn
2023-11-21 22:11:28 INFO  AddPatient - Clicked DOb OK Btn
2023-11-21 22:11:29 INFO  AddPatient - Entered Patient Occupation Field
2023-11-21 22:11:30 INFO  AddPatient - Entered Emergency PhoneNo Field
2023-11-21 22:11:32 INFO  AddPatient - Entered Patient Address Field
2023-11-21 22:11:33 INFO  AddPatient - Entered Patient Alergy Field
2023-11-21 22:11:34 INFO  AddPatient - Entered Patient History Field
2023-11-21 22:11:35 INFO  AddPatient - Entered Patient Habbits Field
2023-11-21 22:11:37 INFO  AddPatient - Entered Patient Remarks Field
2023-11-21 22:11:39 INFO  AddPatient - Clicked Save Button
2023-11-21 22:11:43 INFO  AddPatient - Clicked Menu  Btn
2023-11-21 22:11:46 INFO  AddPatient - Clicked Menu Patient Btn
2023-11-21 22:11:48 INFO  AddPatient - Clicked Add Patient Btn
2023-11-21 22:11:50 INFO  AddPatient - Entered Patient Name Field
2023-11-21 22:11:52 INFO  AddPatient - Entered Patient Phone Number Field
2023-11-21 22:11:54 INFO  AddPatient - Clicked Gender male Btn
2023-11-21 22:11:56 INFO  AddPatient - Clicked Date Of Birth Btn
2023-11-21 22:11:59 INFO  AddPatient - Clicked DOb OK Btn
2023-11-21 22:12:01 INFO  AddPatient - Clicked Save Button
2023-11-22 23:15:17 INFO  AddPatient - Opened Android Apk File
2023-11-22 23:15:21 INFO  AddPatient - Entered Username
2023-11-22 23:15:23 INFO  AddPatient - Entered Password
2023-11-22 23:15:26 INFO  AddPatient - Clicked Submit Button
2023-11-22 23:15:30 INFO  AddPatient - HomePage is Displayed
2023-11-22 23:15:30 INFO  AddPatient - Assertion Passed
2023-11-22 23:15:33 INFO  AddPatient - Clicked Add Patient Button
2023-11-22 23:15:34 INFO  AddPatient - Entered Patient Name Field
2023-11-22 23:15:36 INFO  AddPatient - Entered Patient Phone Number Field
2023-11-22 23:15:39 INFO  AddPatient - Clicked Gender male Btn
2023-11-22 23:15:41 INFO  AddPatient - Clicked Date Of Birth Btn
2023-11-22 23:15:44 INFO  AddPatient - Clicked DOb OK Btn
2023-11-22 23:15:46 INFO  AddPatient - Entered Patient Occupation Field
2023-11-22 23:15:47 INFO  AddPatient - Entered Emergency PhoneNo Field
2023-11-22 23:15:49 INFO  AddPatient - Entered Patient Address Field
2023-11-22 23:15:50 INFO  AddPatient - Entered Patient Alergy Field
2023-11-22 23:15:52 INFO  AddPatient - Entered Patient History Field
2023-11-22 23:15:53 INFO  AddPatient - Entered Patient Habbits Field
2023-11-22 23:15:54 INFO  AddPatient - Entered Patient Remarks Field
2023-11-22 23:15:57 INFO  AddPatient - Clicked Save Button
2023-11-22 23:16:03 INFO  AddPatient - Clicked Menu  Btn
2023-11-22 23:16:05 INFO  AddPatient - Clicked Menu Patient Btn
2023-11-22 23:16:08 INFO  AddPatient - Clicked Add Patient Btn
2023-11-22 23:16:09 INFO  AddPatient - Entered Patient Name Field
2023-11-22 23:16:11 INFO  AddPatient - Entered Patient Phone Number Field
2023-11-22 23:16:13 INFO  AddPatient - Clicked Gender male Btn
2023-11-22 23:16:16 INFO  AddPatient - Clicked Date Of Birth Btn
2023-11-22 23:16:19 INFO  AddPatient - Clicked DOb OK Btn
2023-11-22 23:16:22 INFO  AddPatient - Clicked Save Button
2023-11-22 23:16:46 INFO  AddPatient - Opened Android Apk File
2023-11-22 23:16:51 INFO  AddPatient - Entered Username
2023-11-22 23:16:53 INFO  AddPatient - Entered Password
2023-11-22 23:16:55 INFO  AddPatient - Clicked Submit Button
2023-11-22 23:16:59 INFO  AddPatient - HomePage is Displayed
2023-11-22 23:16:59 INFO  AddPatient - Assertion Passed
2023-11-22 23:17:01 INFO  AddPatient - Clicked Add Patient Button
2023-11-22 23:17:03 INFO  AddPatient - Entered Patient Name Field
2023-11-22 23:17:05 INFO  AddPatient - Entered Patient Phone Number Field
2023-11-22 23:17:08 INFO  AddPatient - Clicked Gender male Btn
2023-11-22 23:17:11 INFO  AddPatient - Clicked Date Of Birth Btn
2023-11-22 23:17:14 INFO  AddPatient - Clicked DOb OK Btn
2023-11-22 23:17:16 INFO  AddPatient - Entered Patient Occupation Field
2023-11-22 23:17:18 INFO  AddPatient - Entered Emergency PhoneNo Field
2023-11-22 23:17:19 INFO  AddPatient - Entered Patient Address Field
2023-11-22 23:17:21 INFO  AddPatient - Entered Patient Alergy Field
2023-11-22 23:17:22 INFO  AddPatient - Entered Patient History Field
2023-11-22 23:17:24 INFO  AddPatient - Entered Patient Habbits Field
2023-11-22 23:17:26 INFO  AddPatient - Entered Patient Remarks Field
2023-11-22 23:17:29 INFO  AddPatient - Clicked Save Button
2023-11-22 23:17:31 INFO  AddPatient - Assertion Passed
2023-11-22 23:17:33 INFO  AddPatient - Clicked OK Button
2023-11-22 23:18:10 INFO  AddPatient - Opened Android Apk File
2023-11-22 23:18:15 INFO  AddPatient - Entered Username
2023-11-22 23:18:17 INFO  AddPatient - Entered Password
2023-11-22 23:18:20 INFO  AddPatient - Clicked Submit Button
2023-11-22 23:18:23 INFO  AddPatient - HomePage is Displayed
2023-11-22 23:18:23 INFO  AddPatient - Assertion Passed
2023-11-22 23:18:27 INFO  AddPatient - Clicked Menu  Btn
2023-11-22 23:18:30 INFO  AddPatient - Clicked Menu Patient Btn
2023-11-22 23:18:32 INFO  AddPatient - Clicked Add Patient Btn
2023-11-22 23:18:33 INFO  AddPatient - Entered Patient Name Field
2023-11-22 23:18:35 INFO  AddPatient - Entered Patient Phone Number Field
2023-11-22 23:18:37 INFO  AddPatient - Clicked Gender male Btn
2023-11-22 23:18:39 INFO  AddPatient - Clicked Date Of Birth Btn
2023-11-22 23:18:42 INFO  AddPatient - Clicked DOb OK Btn
2023-11-22 23:18:44 INFO  AddPatient - Clicked Save Button
2023-11-22 23:22:02 INFO  AddPatient - Opened Android Apk File
2023-11-22 23:22:06 INFO  AddPatient - Entered Username
2023-11-22 23:22:08 INFO  AddPatient - Entered Password
2023-11-22 23:22:11 INFO  AddPatient - Clicked Submit Button
2023-11-22 23:22:15 INFO  AddPatient - HomePage is Displayed
2023-11-22 23:22:15 INFO  AddPatient - Assertion Passed
2023-11-22 23:22:18 INFO  AddPatient - Clicked Menu  Btn
2023-11-22 23:22:21 INFO  AddPatient - Clicked Menu Patient Btn
2023-11-22 23:22:23 INFO  AddPatient - Clicked Add Patient Btn
2023-11-22 23:22:25 INFO  AddPatient - Entered Patient Name Field
2023-11-22 23:22:26 INFO  AddPatient - Entered Patient Phone Number Field
2023-11-22 23:22:29 INFO  AddPatient - Clicked Gender male Btn
2023-11-22 23:22:32 INFO  AddPatient - Clicked Date Of Birth Btn
2023-11-22 23:22:34 INFO  AddPatient - Clicked DOb OK Btn
2023-11-22 23:22:36 INFO  AddPatient - Clicked Save Button
2023-11-22 23:22:54 INFO  AddPatient - Opened Android Apk File
2023-11-22 23:22:59 INFO  AddPatient - Entered Username
2023-11-22 23:23:01 INFO  AddPatient - Entered Password
2023-11-22 23:23:03 INFO  AddPatient - Clicked Submit Button
2023-11-22 23:23:07 INFO  AddPatient - HomePage is Displayed
2023-11-22 23:23:07 INFO  AddPatient - Assertion Passed
2023-11-22 23:23:09 INFO  AddPatient - Clicked Menu  Btn
2023-11-22 23:23:12 INFO  AddPatient - Clicked Menu Patient Btn
2023-11-22 23:23:16 INFO  AddPatient - Clicked Add Patient Btn
2023-11-22 23:23:18 INFO  AddPatient - Entered Patient Name Field
2023-11-22 23:23:20 INFO  AddPatient - Entered Patient Phone Number Field
2023-11-22 23:23:23 INFO  AddPatient - Clicked Gender male Btn
2023-11-22 23:23:26 INFO  AddPatient - Clicked Date Of Birth Btn
2023-11-22 23:23:28 INFO  AddPatient - Clicked DOb OK Btn
2023-11-22 23:23:31 INFO  AddPatient - Clicked Save Button
2023-11-22 23:24:08 INFO  AddPatient - Opened Android Apk File
2023-11-22 23:24:13 INFO  AddPatient - Entered Username
2023-11-22 23:24:15 INFO  AddPatient - Entered Password
2023-11-22 23:24:18 INFO  AddPatient - Clicked Submit Button
2023-11-22 23:24:21 INFO  AddPatient - HomePage is Displayed
2023-11-22 23:24:21 INFO  AddPatient - Assertion Passed
2023-11-22 23:24:24 INFO  AddPatient - Clicked Add Patient Button
2023-11-22 23:24:25 INFO  AddPatient - Entered Patient Name Field
2023-11-22 23:24:26 INFO  AddPatient - Entered Patient Phone Number Field
2023-11-22 23:24:29 INFO  AddPatient - Clicked Gender male Btn
2023-11-22 23:24:31 INFO  AddPatient - Clicked Date Of Birth Btn
2023-11-22 23:24:34 INFO  AddPatient - Clicked DOb OK Btn
2023-11-22 23:24:36 INFO  AddPatient - Entered Patient Occupation Field
2023-11-22 23:24:37 INFO  AddPatient - Entered Emergency PhoneNo Field
2023-11-22 23:24:40 INFO  AddPatient - Entered Patient Address Field
2023-11-22 23:24:42 INFO  AddPatient - Entered Patient Alergy Field
2023-11-22 23:24:44 INFO  AddPatient - Entered Patient History Field
2023-11-22 23:24:45 INFO  AddPatient - Entered Patient Habbits Field
2023-11-22 23:24:47 INFO  AddPatient - Entered Patient Remarks Field
2023-11-22 23:24:50 INFO  AddPatient - Clicked Save Button
2023-11-22 23:24:52 INFO  AddPatient - Assertion Passed
2023-11-22 23:24:54 INFO  AddPatient - Clicked OK Button
2023-11-22 23:24:58 INFO  AddPatient - Clicked Menu  Btn
2023-11-22 23:25:01 INFO  AddPatient - Clicked Menu Patient Btn
2023-11-22 23:25:03 INFO  AddPatient - Clicked Add Patient Btn
2023-11-22 23:25:05 INFO  AddPatient - Entered Patient Name Field
2023-11-22 23:25:07 INFO  AddPatient - Entered Patient Phone Number Field
2023-11-22 23:25:10 INFO  AddPatient - Clicked Gender male Btn
2023-11-22 23:25:12 INFO  AddPatient - Clicked Date Of Birth Btn
2023-11-22 23:25:14 INFO  AddPatient - Clicked DOb OK Btn
2023-11-22 23:25:17 INFO  AddPatient - Clicked Save Button
2023-11-22 23:25:47 INFO  AddPatient - Opened Android Apk File
2023-11-22 23:25:51 INFO  AddPatient - Entered Username
2023-11-22 23:25:53 INFO  AddPatient - Entered Password
2023-11-22 23:25:56 INFO  AddPatient - Clicked Submit Button
2023-11-22 23:26:00 INFO  AddPatient - HomePage is Displayed
2023-11-22 23:26:00 INFO  AddPatient - Assertion Passed
2023-11-22 23:26:02 INFO  AddPatient - Clicked Add Patient Button
2023-11-22 23:26:03 INFO  AddPatient - Entered Patient Name Field
2023-11-22 23:26:05 INFO  AddPatient - Entered Patient Phone Number Field
2023-11-22 23:26:08 INFO  AddPatient - Clicked Gender male Btn
2023-11-22 23:26:10 INFO  AddPatient - Clicked Date Of Birth Btn
2023-11-22 23:26:13 INFO  AddPatient - Clicked DOb OK Btn
2023-11-22 23:26:14 INFO  AddPatient - Entered Patient Occupation Field
2023-11-22 23:26:17 INFO  AddPatient - Entered Emergency PhoneNo Field
2023-11-22 23:26:19 INFO  AddPatient - Entered Patient Address Field
2023-11-22 23:26:21 INFO  AddPatient - Entered Patient Alergy Field
2023-11-22 23:26:23 INFO  AddPatient - Entered Patient History Field
2023-11-22 23:26:25 INFO  AddPatient - Entered Patient Habbits Field
2023-11-22 23:26:27 INFO  AddPatient - Entered Patient Remarks Field
2023-11-22 23:26:30 INFO  AddPatient - Clicked Save Button
2023-11-22 23:26:32 INFO  AddPatient - Assertion Passed
2023-11-22 23:26:34 INFO  AddPatient - Clicked OK Button
2023-11-22 23:26:37 INFO  AddPatient - Clicked Menu  Btn
2023-11-22 23:26:40 INFO  AddPatient - Clicked Menu Patient Btn
2023-11-22 23:26:42 INFO  AddPatient - Clicked Add Patient Btn
2023-11-22 23:26:44 INFO  AddPatient - Entered Patient Name Field
2023-11-22 23:26:45 INFO  AddPatient - Entered Patient Phone Number Field
2023-11-22 23:26:47 INFO  AddPatient - Clicked Gender male Btn
2023-11-22 23:26:50 INFO  AddPatient - Clicked Date Of Birth Btn
2023-11-22 23:26:52 INFO  AddPatient - Clicked DOb OK Btn
2023-11-22 23:26:54 INFO  AddPatient - Clicked Save Button
2023-11-22 23:28:14 INFO  AddPatient - Opened Android Apk File
2023-11-22 23:28:19 INFO  AddPatient - Entered Username
2023-11-22 23:28:21 INFO  AddPatient - Entered Password
2023-11-22 23:28:24 INFO  AddPatient - Clicked Submit Button
2023-11-22 23:28:28 INFO  AddPatient - HomePage is Displayed
2023-11-22 23:28:28 INFO  AddPatient - Assertion Passed
2023-11-22 23:28:30 INFO  AddPatient - Clicked Add Patient Button
2023-11-22 23:28:32 INFO  AddPatient - Entered Patient Name Field
2023-11-22 23:28:34 INFO  AddPatient - Entered Patient Phone Number Field
2023-11-22 23:28:37 INFO  AddPatient - Clicked Gender male Btn
2023-11-22 23:28:40 INFO  AddPatient - Clicked Date Of Birth Btn
2023-11-22 23:28:42 INFO  AddPatient - Clicked DOb OK Btn
2023-11-22 23:28:44 INFO  AddPatient - Entered Patient Occupation Field
2023-11-22 23:28:46 INFO  AddPatient - Entered Emergency PhoneNo Field
2023-11-22 23:28:48 INFO  AddPatient - Entered Patient Address Field
2023-11-22 23:28:50 INFO  AddPatient - Entered Patient Alergy Field
2023-11-22 23:28:52 INFO  AddPatient - Entered Patient History Field
2023-11-22 23:28:54 INFO  AddPatient - Entered Patient Habbits Field
2023-11-22 23:28:56 INFO  AddPatient - Entered Patient Remarks Field
2023-11-22 23:28:59 INFO  AddPatient - Clicked Save Button
2023-11-22 23:29:01 INFO  AddPatient - Assertion Passed
2023-11-22 23:29:03 INFO  AddPatient - Clicked OK Button
2023-11-22 23:29:06 INFO  AddPatient - Clicked Menu  Btn
2023-11-22 23:29:09 INFO  AddPatient - Clicked Menu Patient Btn
2023-11-22 23:29:11 INFO  AddPatient - Clicked Add Patient Btn
2023-11-22 23:29:12 INFO  AddPatient - Entered Patient Name Field
2023-11-22 23:29:13 INFO  AddPatient - Entered Patient Phone Number Field
2023-11-22 23:29:16 INFO  AddPatient - Clicked Gender male Btn
2023-11-22 23:29:18 INFO  AddPatient - Clicked Date Of Birth Btn
2023-11-22 23:29:20 INFO  AddPatient - Clicked DOb OK Btn
2023-11-22 23:29:22 INFO  AddPatient - Clicked Save Button
2023-11-22 23:29:40 INFO  AddPatient - Opened Android Apk File
2023-11-22 23:29:45 INFO  AddPatient - Entered Username
2023-11-22 23:29:47 INFO  AddPatient - Entered Password
2023-11-22 23:29:49 INFO  AddPatient - Clicked Submit Button
2023-11-22 23:29:53 INFO  AddPatient - HomePage is Displayed
2023-11-22 23:29:53 INFO  AddPatient - Assertion Passed
2023-11-22 23:29:55 INFO  AddPatient - Clicked Add Patient Button
2023-11-22 23:29:57 INFO  AddPatient - Entered Patient Name Field
2023-11-22 23:29:59 INFO  AddPatient - Entered Patient Phone Number Field
2023-11-22 23:30:02 INFO  AddPatient - Clicked Gender male Btn
2023-11-22 23:30:05 INFO  AddPatient - Clicked Date Of Birth Btn
2023-11-22 23:30:07 INFO  AddPatient - Clicked DOb OK Btn
2023-11-22 23:30:09 INFO  AddPatient - Entered Patient Occupation Field
2023-11-22 23:30:11 INFO  AddPatient - Entered Emergency PhoneNo Field
2023-11-22 23:30:13 INFO  AddPatient - Entered Patient Address Field
2023-11-22 23:30:15 INFO  AddPatient - Entered Patient Alergy Field
2023-11-22 23:30:16 INFO  AddPatient - Entered Patient History Field
2023-11-22 23:30:18 INFO  AddPatient - Entered Patient Habbits Field
2023-11-22 23:30:20 INFO  AddPatient - Entered Patient Remarks Field
2023-11-22 23:30:23 INFO  AddPatient - Clicked Save Button
2023-11-22 23:30:25 INFO  AddPatient - Assertion Passed
2023-11-22 23:30:28 INFO  AddPatient - Clicked OK Button
2023-11-22 23:30:33 INFO  AddPatient - Clicked Menu  Btn
2023-11-22 23:30:36 INFO  AddPatient - Clicked Menu Patient Btn
2023-11-22 23:30:38 INFO  AddPatient - Clicked Add Patient Btn
2023-11-22 23:30:39 INFO  AddPatient - Entered Patient Name Field
2023-11-22 23:30:40 INFO  AddPatient - Entered Patient Phone Number Field
2023-11-22 23:30:43 INFO  AddPatient - Clicked Gender male Btn
2023-11-22 23:30:45 INFO  AddPatient - Clicked Date Of Birth Btn
2023-11-22 23:30:47 INFO  AddPatient - Clicked DOb OK Btn
2023-11-22 23:30:49 INFO  AddPatient - Clicked Save Button
2023-11-22 23:32:05 INFO  AddPatient - Opened Android Apk File
2023-11-22 23:32:09 INFO  AddPatient - Entered Username
2023-11-22 23:32:11 INFO  AddPatient - Entered Password
2023-11-22 23:32:14 INFO  AddPatient - Clicked Submit Button
2023-11-22 23:32:17 INFO  AddPatient - HomePage is Displayed
2023-11-22 23:32:17 INFO  AddPatient - Assertion Passed
2023-11-22 23:32:22 INFO  AddPatient - Clicked Menu  Btn
2023-11-22 23:32:26 INFO  AddPatient - Clicked Menu Patient Btn
2023-11-22 23:32:29 INFO  AddPatient - Clicked Add Patient Btn
2023-11-22 23:32:31 INFO  AddPatient - Entered Patient Name Field
2023-11-22 23:32:33 INFO  AddPatient - Entered Patient Phone Number Field
2023-11-22 23:32:35 INFO  AddPatient - Clicked Gender male Btn
2023-11-22 23:32:38 INFO  AddPatient - Clicked Date Of Birth Btn
2023-11-22 23:32:41 INFO  AddPatient - Clicked DOb OK Btn
2023-11-22 23:32:43 INFO  AddPatient - Clicked Save Button
2023-11-22 23:32:46 INFO  AddPatient - Clicked Add Patient Button
2023-11-22 23:32:47 INFO  AddPatient - Entered Patient Name Field
2023-11-22 23:32:49 INFO  AddPatient - Entered Patient Phone Number Field
2023-11-22 23:32:51 INFO  AddPatient - Clicked Gender male Btn
2023-11-22 23:32:53 INFO  AddPatient - Clicked Date Of Birth Btn
2023-11-22 23:32:55 INFO  AddPatient - Clicked DOb OK Btn
2023-11-22 23:32:57 INFO  AddPatient - Entered Patient Occupation Field
2023-11-22 23:32:58 INFO  AddPatient - Entered Emergency PhoneNo Field
2023-11-22 23:32:59 INFO  AddPatient - Entered Patient Address Field
2023-11-22 23:33:00 INFO  AddPatient - Entered Patient Alergy Field
2023-11-22 23:33:02 INFO  AddPatient - Entered Patient History Field
2023-11-22 23:33:03 INFO  AddPatient - Entered Patient Habbits Field
2023-11-22 23:33:05 INFO  AddPatient - Entered Patient Remarks Field
2023-11-22 23:33:07 INFO  AddPatient - Clicked Save Button
2023-11-22 23:33:09 INFO  AddPatient - Assertion Passed
2023-11-22 23:33:11 INFO  AddPatient - Clicked OK Button
2023-11-22 23:38:36 INFO  AddPatient - Opened Android Apk File
2023-11-22 23:38:40 INFO  AddPatient - Entered Username
2023-11-22 23:38:42 INFO  AddPatient - Entered Password
2023-11-22 23:38:44 INFO  AddPatient - Clicked Submit Button
2023-11-22 23:38:48 INFO  AddPatient - HomePage is Displayed
2023-11-22 23:38:48 INFO  AddPatient - Assertion Passed
2023-11-22 23:38:50 INFO  AddPatient - Clicked Add Patient Button
2023-11-22 23:38:52 INFO  AddPatient - Entered Patient Name Field
2023-11-22 23:38:54 INFO  AddPatient - Entered Patient Phone Number Field
2023-11-22 23:38:56 INFO  AddPatient - Clicked Gender male Btn
2023-11-22 23:38:59 INFO  AddPatient - Clicked Date Of Birth Btn
2023-11-22 23:39:01 INFO  AddPatient - Clicked DOb OK Btn
2023-11-22 23:39:03 INFO  AddPatient - Entered Patient Occupation Field
2023-11-22 23:39:04 INFO  AddPatient - Entered Emergency PhoneNo Field
2023-11-22 23:39:06 INFO  AddPatient - Entered Patient Address Field
2023-11-22 23:39:08 INFO  AddPatient - Entered Patient Alergy Field
2023-11-22 23:39:10 INFO  AddPatient - Entered Patient History Field
2023-11-22 23:39:12 INFO  AddPatient - Entered Patient Habbits Field
2023-11-22 23:39:14 INFO  AddPatient - Entered Patient Remarks Field
2023-11-22 23:39:17 INFO  AddPatient - Clicked Save Button
2023-11-22 23:39:19 INFO  AddPatient - Assertion Passed
2023-11-22 23:39:21 INFO  AddPatient - Clicked OK Button
2023-11-22 23:39:38 INFO  AddPatient - Opened Android Apk File
2023-11-22 23:39:42 INFO  AddPatient - Entered Username
2023-11-22 23:39:44 INFO  AddPatient - Entered Password
2023-11-22 23:39:47 INFO  AddPatient - Clicked Submit Button
2023-11-22 23:39:51 INFO  AddPatient - HomePage is Displayed
2023-11-22 23:39:51 INFO  AddPatient - Assertion Passed
2023-11-22 23:39:56 INFO  AddPatient - Clicked Menu  Btn
2023-11-22 23:39:59 INFO  AddPatient - Clicked Menu Patient Btn
2023-11-22 23:40:02 INFO  AddPatient - Clicked Add Patient Btn
2023-11-22 23:40:03 INFO  AddPatient - Entered Patient Name Field
2023-11-22 23:40:05 INFO  AddPatient - Entered Patient Phone Number Field
2023-11-22 23:40:08 INFO  AddPatient - Clicked Gender male Btn
2023-11-22 23:40:10 INFO  AddPatient - Clicked Date Of Birth Btn
2023-11-22 23:40:13 INFO  AddPatient - Clicked DOb OK Btn
2023-11-22 23:40:15 INFO  AddPatient - Clicked Save Button
2023-11-23 12:29:34 INFO  AddPatient - Opened Android Apk File
2023-11-23 12:29:39 INFO  AddPatient - Entered Username
2023-11-23 12:29:41 INFO  AddPatient - Entered Password
2023-11-23 12:29:44 INFO  AddPatient - Clicked Submit Button
2023-11-23 12:30:06 INFO  AddPatient - Opened Android Apk File
2023-11-23 12:30:10 INFO  AddPatient - Entered Username
2023-11-23 12:30:12 INFO  AddPatient - Entered Password
2023-11-23 12:30:14 INFO  AddPatient - Clicked Submit Button
2023-11-23 12:30:18 INFO  AddPatient - HomePage is Displayed
2023-11-23 12:30:18 INFO  AddPatient - Assertion Passed
2023-11-23 12:30:23 INFO  AddPatient - Clicked Menu  Btn
2023-11-23 12:30:26 INFO  AddPatient - Clicked Menu Patient Btn
2023-11-23 12:30:30 INFO  AddPatient - Clicked Add Patient Btn
2023-11-23 12:30:31 INFO  AddPatient - Entered Patient Name Field
2023-11-23 12:30:33 INFO  AddPatient - Entered Patient Phone Number Field
2023-11-23 12:30:35 INFO  AddPatient - Clicked Gender male Btn
2023-11-23 12:30:38 INFO  AddPatient - Clicked Date Of Birth Btn
2023-11-23 12:30:41 INFO  AddPatient - Clicked DOb OK Btn
2023-11-23 12:30:43 INFO  AddPatient - Clicked Save Button
2023-11-23 12:30:46 INFO  AddPatient - Clicked Add Patient Button
2023-11-23 12:30:47 INFO  AddPatient - Entered Patient Name Field
2023-11-23 12:30:48 INFO  AddPatient - Entered Patient Phone Number Field
2023-11-23 12:30:51 INFO  AddPatient - Clicked Gender male Btn
2023-11-23 12:30:53 INFO  AddPatient - Clicked Date Of Birth Btn
2023-11-23 12:30:55 INFO  AddPatient - Clicked DOb OK Btn
2023-11-23 12:30:56 INFO  AddPatient - Entered Patient Occupation Field
2023-11-23 12:30:58 INFO  AddPatient - Entered Emergency PhoneNo Field
2023-11-23 12:31:00 INFO  AddPatient - Entered Patient Address Field
2023-11-23 12:31:02 INFO  AddPatient - Entered Patient Alergy Field
2023-11-23 12:31:04 INFO  AddPatient - Entered Patient History Field
2023-11-23 12:31:06 INFO  AddPatient - Entered Patient Habbits Field
2023-11-23 12:31:08 INFO  AddPatient - Entered Patient Remarks Field
2023-11-23 12:31:11 INFO  AddPatient - Clicked Save Button
2023-11-23 12:31:13 INFO  AddPatient - Assertion Passed
2023-11-23 12:31:15 INFO  AddPatient - Clicked OK Button
2023-11-23 12:31:38 INFO  AddPatient - Opened Android Apk File
2023-11-23 12:31:43 INFO  AddPatient - Entered Username
2023-11-23 12:31:45 INFO  AddPatient - Entered Password
2023-11-23 12:31:47 INFO  AddPatient - Clicked Submit Button
2023-11-23 12:31:51 INFO  AddPatient - HomePage is Displayed
2023-11-23 12:31:51 INFO  AddPatient - Assertion Passed
2023-11-23 12:31:56 INFO  AddPatient - Clicked Menu  Btn
2023-11-23 12:31:59 INFO  AddPatient - Clicked Menu Patient Btn
2023-11-23 12:32:03 INFO  AddPatient - Clicked Add Patient Btn
2023-11-23 12:32:04 INFO  AddPatient - Entered Patient Name Field
2023-11-23 12:32:06 INFO  AddPatient - Entered Patient Phone Number Field
2023-11-23 12:32:09 INFO  AddPatient - Clicked Gender male Btn
2023-11-23 12:32:12 INFO  AddPatient - Clicked Date Of Birth Btn
2023-11-23 12:32:14 INFO  AddPatient - Clicked DOb OK Btn
2023-11-23 12:32:17 INFO  AddPatient - Clicked Save Button
2023-11-23 14:09:33 INFO  AddPatient - Opened Android Apk File
2023-11-23 14:09:38 INFO  AddPatient - Entered Username
2023-11-23 14:09:40 INFO  AddPatient - Entered Password
2023-11-23 14:09:43 INFO  AddPatient - Clicked Submit Button
2023-11-23 14:09:47 INFO  AddPatient - HomePage is Displayed
2023-11-23 14:09:47 INFO  AddPatient - Assertion Passed
2023-11-23 14:09:52 INFO  AddPatient - Clicked Menu  Btn
2023-11-23 14:09:55 INFO  AddPatient - Clicked Menu Patient Btn
2023-11-23 14:09:59 INFO  AddPatient - Clicked Add Patient Btn
2023-11-23 14:10:00 INFO  AddPatient - Entered Patient Name Field
2023-11-23 14:10:02 INFO  AddPatient - Entered Patient Phone Number Field
2023-11-23 14:10:05 INFO  AddPatient - Clicked Gender male Btn
2023-11-23 14:10:08 INFO  AddPatient - Clicked Date Of Birth Btn
2023-11-23 14:10:10 INFO  AddPatient - Clicked DOb OK Btn
2023-11-23 14:10:13 INFO  AddPatient - Clicked Blood Group DropDown
2023-11-23 14:10:15 INFO  AddPatient - Clicked Save Button
2023-11-23 14:10:18 INFO  AddPatient - Clicked Add Patient Button
2023-11-23 14:10:19 INFO  AddPatient - Entered Patient Name Field
2023-11-23 14:10:21 INFO  AddPatient - Entered Patient Phone Number Field
2023-11-23 14:10:24 INFO  AddPatient - Clicked Gender male Btn
2023-11-23 14:10:27 INFO  AddPatient - Clicked Date Of Birth Btn
2023-11-23 14:10:29 INFO  AddPatient - Clicked DOb OK Btn
2023-11-23 14:10:32 INFO  AddPatient - Clicked Blood Group DropDown
2023-11-23 14:10:33 INFO  AddPatient - Entered Patient Occupation Field
2023-11-23 14:10:36 INFO  AddPatient - Entered Emergency PhoneNo Field
2023-11-23 14:10:38 INFO  AddPatient - Entered Patient Address Field
2023-11-23 14:10:39 INFO  AddPatient - Entered Patient Alergy Field
2023-11-23 14:10:41 INFO  AddPatient - Entered Patient History Field
2023-11-23 14:10:43 INFO  AddPatient - Entered Patient Habbits Field
2023-11-23 14:10:44 INFO  AddPatient - Entered Patient Remarks Field
2023-11-23 14:10:47 INFO  AddPatient - Clicked Save Button
2023-11-23 14:10:49 INFO  AddPatient - Assertion Passed
2023-11-23 14:10:51 INFO  AddPatient - Clicked OK Button
2023-11-23 14:11:23 INFO  AddPatient - Opened Android Apk File
2023-11-23 14:11:27 INFO  AddPatient - Entered Username
2023-11-23 14:11:29 INFO  AddPatient - Entered Password
2023-11-23 14:11:32 INFO  AddPatient - Clicked Submit Button
2023-11-23 14:11:36 INFO  AddPatient - HomePage is Displayed
2023-11-23 14:11:36 INFO  AddPatient - Assertion Passed
2023-11-23 14:11:41 INFO  AddPatient - Clicked Menu  Btn
2023-11-23 14:11:44 INFO  AddPatient - Clicked Menu Patient Btn
2023-11-23 14:11:48 INFO  AddPatient - Clicked Add Patient Btn
2023-11-23 14:11:49 INFO  AddPatient - Entered Patient Name Field
2023-11-23 14:11:52 INFO  AddPatient - Entered Patient Phone Number Field
2023-11-23 14:11:55 INFO  AddPatient - Clicked Gender male Btn
2023-11-23 14:11:57 INFO  AddPatient - Clicked Date Of Birth Btn
2023-11-23 14:12:00 INFO  AddPatient - Clicked DOb OK Btn
2023-11-23 14:12:03 INFO  AddPatient - Clicked Blood Group DropDown
2023-11-23 14:12:05 INFO  AddPatient - Clicked Save Button
2023-11-24 22:44:46 INFO  AddPatient - Opened Android Apk File
2023-11-24 22:44:51 INFO  AddPatient - Entered Username
2023-11-24 22:44:52 INFO  AddPatient - Entered Password
2023-11-24 22:44:55 INFO  AddPatient - Clicked Submit Button
2023-11-24 22:45:38 INFO  AddPatient - Opened Android Apk File
2023-11-24 22:45:43 INFO  AddPatient - Entered Username
2023-11-24 22:45:45 INFO  AddPatient - Entered Password
2023-11-24 22:45:48 INFO  AddPatient - Clicked Submit Button
2023-11-24 22:45:51 INFO  AddPatient - HomePage is Displayed
2023-11-24 22:45:51 INFO  AddPatient - Assertion Passed
2023-11-24 22:45:57 INFO  AddPatient - Clicked Menu  Btn
2023-11-24 22:46:00 INFO  AddPatient - Clicked Menu Patient Btn
2023-11-24 22:46:03 INFO  AddPatient - Clicked Add Patient Btn
2023-11-24 22:46:05 INFO  AddPatient - Entered Patient Name Field
2023-11-24 22:46:07 INFO  AddPatient - Entered Patient Phone Number Field
2023-11-24 22:46:09 INFO  AddPatient - Clicked Gender male Btn
2023-11-24 22:46:12 INFO  AddPatient - Clicked Date Of Birth Btn
2023-11-24 22:46:17 INFO  AddPatient - Clicked DOb OK Btn
2023-11-24 22:46:20 INFO  AddPatient - Clicked Blood Group DropDown
2023-11-24 22:46:23 INFO  AddPatient - Clicked Save Button
2023-11-28 14:37:39 INFO  AddPatient - Opened Android Apk File
2023-11-28 14:37:45 INFO  AddPatient - Entered Username
2023-11-28 14:37:46 INFO  AddPatient - Entered Password
2023-11-28 14:37:49 INFO  AddPatient - Clicked Submit Button
2023-11-28 14:38:16 INFO  AddPatient - Opened Android Apk File
2023-11-28 14:38:21 INFO  AddPatient - Entered Username
2023-11-28 14:38:22 INFO  AddPatient - Entered Password
2023-11-28 14:38:25 INFO  AddPatient - Clicked Submit Button
2023-11-28 14:38:29 INFO  AddPatient - HomePage is Displayed
2023-11-28 14:38:29 INFO  AddPatient - Assertion Passed
2023-11-28 14:38:35 INFO  AddPatient - Clicked Menu  Btn
2023-11-28 14:38:38 INFO  AddPatient - Clicked Menu Patient Btn
2023-11-28 14:38:40 INFO  AddPatient - Clicked Add Patient Btn
2023-11-28 14:38:42 INFO  AddPatient - Entered Patient Name Field
2023-11-28 14:38:44 INFO  AddPatient - Entered Patient Phone Number Field
2023-11-28 14:38:47 INFO  AddPatient - Clicked Gender male Btn
2023-11-28 14:38:50 INFO  AddPatient - Clicked Date Of Birth Btn
2023-11-28 14:38:53 INFO  AddPatient - Clicked DOb OK Btn
2023-11-28 14:38:56 INFO  AddPatient - Clicked Blood Group DropDown
2023-11-28 14:38:58 INFO  AddPatient - Clicked Save Button
2023-11-28 14:39:00 INFO  AddPatient - Clicked Add Patient Button
2023-11-28 14:39:02 INFO  AddPatient - Entered Patient Name Field
2023-11-28 14:39:03 INFO  AddPatient - Entered Patient Phone Number Field
2023-11-28 14:39:05 INFO  AddPatient - Clicked Gender male Btn
2023-11-28 14:39:08 INFO  AddPatient - Clicked Date Of Birth Btn
2023-11-28 14:39:10 INFO  AddPatient - Clicked DOb OK Btn
2023-11-28 14:39:13 INFO  AddPatient - Clicked Blood Group DropDown
2023-11-28 14:39:14 INFO  AddPatient - Entered Patient Occupation Field
2023-11-28 14:39:16 INFO  AddPatient - Entered Emergency PhoneNo Field
2023-11-28 14:39:18 INFO  AddPatient - Entered Patient Address Field
2023-11-28 14:39:20 INFO  AddPatient - Entered Patient Alergy Field
2023-11-28 14:39:22 INFO  AddPatient - Entered Patient History Field
2023-11-28 14:39:23 INFO  AddPatient - Entered Patient Habbits Field
2023-11-28 14:39:26 INFO  AddPatient - Entered Patient Remarks Field
2023-11-28 14:39:28 INFO  AddPatient - Clicked Save Button
2023-11-28 14:39:30 INFO  AddPatient - Assertion Passed
2023-11-28 14:39:32 INFO  AddPatient - Clicked OK Button
2023-11-28 19:10:53 INFO  AddPatient - Opened Android Apk File
2023-11-28 19:10:58 INFO  AddPatient - Entered Username
2023-11-28 19:11:00 INFO  AddPatient - Entered Password
2023-11-28 19:11:02 INFO  AddPatient - Clicked Submit Button
2023-11-28 19:11:08 INFO  AddPatient - HomePage is Displayed
2023-11-28 19:11:08 INFO  AddPatient - Assertion Passed
2023-11-28 19:11:13 INFO  AddPatient - Clicked Menu  Btn
2023-11-28 19:11:17 INFO  AddPatient - Clicked Menu Patient Btn
2023-11-28 19:11:19 INFO  AddPatient - Clicked Add Patient Btn
2023-11-28 19:11:21 INFO  AddPatient - Entered Patient Name Field
2023-11-28 19:11:23 INFO  AddPatient - Entered Patient Phone Number Field
2023-11-28 19:11:25 INFO  AddPatient - Clicked Gender male Btn
2023-11-28 19:11:28 INFO  AddPatient - Clicked Date Of Birth Btn
2023-11-28 19:11:30 INFO  AddPatient - Clicked DOb OK Btn
2023-11-28 19:11:34 INFO  AddPatient - Clicked Blood Group DropDown
2023-11-28 19:11:36 INFO  AddPatient - Clicked Save Button
2023-11-28 19:11:38 INFO  AddPatient - Clicked Add Patient Button
2023-11-28 19:11:40 INFO  AddPatient - Entered Patient Name Field
2023-11-28 19:11:41 INFO  AddPatient - Entered Patient Phone Number Field
2023-11-28 19:11:44 INFO  AddPatient - Clicked Gender male Btn
2023-11-28 19:11:46 INFO  AddPatient - Clicked Date Of Birth Btn
2023-11-28 19:11:48 INFO  AddPatient - Clicked DOb OK Btn
2023-11-28 19:11:51 INFO  AddPatient - Clicked Blood Group DropDown
2023-11-28 19:11:52 INFO  AddPatient - Entered Patient Occupation Field
2023-11-28 19:11:53 INFO  AddPatient - Entered Emergency PhoneNo Field
2023-11-28 19:11:55 INFO  AddPatient - Entered Patient Address Field
2023-11-28 19:11:56 INFO  AddPatient - Entered Patient Alergy Field
2023-11-28 19:11:57 INFO  AddPatient - Entered Patient History Field
2023-11-28 19:11:59 INFO  AddPatient - Entered Patient Habbits Field
2023-11-28 19:12:00 INFO  AddPatient - Entered Patient Remarks Field
2023-11-28 19:12:02 INFO  AddPatient - Clicked Save Button
2023-11-28 19:12:47 INFO  AddPatient - Opened Android Apk File
2023-11-28 19:12:52 INFO  AddPatient - Entered Username
2023-11-28 19:12:54 INFO  AddPatient - Entered Password
2023-11-28 19:12:56 INFO  AddPatient - Clicked Submit Button
2023-11-28 19:13:00 INFO  AddPatient - HomePage is Displayed
2023-11-28 19:13:00 INFO  AddPatient - Assertion Passed
2023-11-28 19:13:05 INFO  AddPatient - Clicked Menu  Btn
2023-11-28 19:13:09 INFO  AddPatient - Clicked Menu Patient Btn
2023-11-28 19:13:12 INFO  AddPatient - Clicked Add Patient Btn
2023-11-28 19:13:13 INFO  AddPatient - Entered Patient Name Field
2023-11-28 19:13:15 INFO  AddPatient - Entered Patient Phone Number Field
2023-11-28 19:13:17 INFO  AddPatient - Clicked Gender male Btn
2023-11-28 19:13:19 INFO  AddPatient - Clicked Date Of Birth Btn
2023-11-28 19:13:22 INFO  AddPatient - Clicked DOb OK Btn
2023-11-28 19:13:25 INFO  AddPatient - Clicked Blood Group DropDown
2023-11-28 19:13:28 INFO  AddPatient - Clicked Save Button
2023-11-28 19:13:30 INFO  AddPatient - Clicked Add Patient Button
2023-11-28 19:13:32 INFO  AddPatient - Entered Patient Name Field
2023-11-28 19:13:33 INFO  AddPatient - Entered Patient Phone Number Field
2023-11-28 19:13:35 INFO  AddPatient - Clicked Gender male Btn
2023-11-28 19:13:38 INFO  AddPatient - Clicked Date Of Birth Btn
2023-11-28 19:13:40 INFO  AddPatient - Clicked DOb OK Btn
2023-11-28 19:13:43 INFO  AddPatient - Clicked Blood Group DropDown
2023-11-28 19:13:44 INFO  AddPatient - Entered Patient Occupation Field
2023-11-28 19:13:45 INFO  AddPatient - Entered Emergency PhoneNo Field
2023-11-28 19:13:47 INFO  AddPatient - Entered Patient Address Field
2023-11-28 19:13:48 INFO  AddPatient - Entered Patient Alergy Field
2023-11-28 19:13:49 INFO  AddPatient - Entered Patient History Field
2023-11-28 19:13:52 INFO  AddPatient - Entered Patient Habbits Field
2023-11-28 19:13:54 INFO  AddPatient - Entered Patient Remarks Field
2023-11-28 19:13:56 INFO  AddPatient - Clicked Save Button
2023-11-28 19:17:37 INFO  AddPatient - Opened Android Apk File
2023-11-28 19:17:42 INFO  AddPatient - Entered Username
2023-11-28 19:17:43 INFO  AddPatient - Entered Password
2023-11-28 19:17:46 INFO  AddPatient - Clicked Submit Button
2023-11-28 19:17:50 INFO  AddPatient - HomePage is Displayed
2023-11-28 19:17:50 INFO  AddPatient - Assertion Passed
2023-11-28 19:17:55 INFO  AddPatient - Clicked Menu  Btn
2023-11-28 19:17:59 INFO  AddPatient - Clicked Menu Patient Btn
2023-11-28 19:18:02 INFO  AddPatient - Clicked Add Patient Btn
2023-11-28 19:18:04 INFO  AddPatient - Entered Patient Name Field
2023-11-28 19:18:06 INFO  AddPatient - Entered Patient Phone Number Field
2023-11-28 19:18:09 INFO  AddPatient - Clicked Gender male Btn
2023-11-28 19:18:12 INFO  AddPatient - Clicked Date Of Birth Btn
2023-11-28 19:18:14 INFO  AddPatient - Clicked DOb OK Btn
2023-11-28 19:18:17 INFO  AddPatient - Clicked Blood Group DropDown
2023-11-28 19:18:19 INFO  AddPatient - Clicked Save Button
2023-11-28 19:18:27 INFO  AddPatient - Clicked Add Patient Button
2023-11-28 19:18:29 INFO  AddPatient - Entered Patient Name Field
2023-11-28 19:18:30 INFO  AddPatient - Entered Patient Phone Number Field
2023-11-28 19:18:32 INFO  AddPatient - Clicked Gender male Btn
2023-11-28 19:18:35 INFO  AddPatient - Clicked Date Of Birth Btn
2023-11-28 19:18:37 INFO  AddPatient - Clicked DOb OK Btn
2023-11-28 19:18:39 INFO  AddPatient - Clicked Blood Group DropDown
2023-11-28 19:18:41 INFO  AddPatient - Entered Patient Occupation Field
2023-11-28 19:18:42 INFO  AddPatient - Entered Emergency PhoneNo Field
2023-11-28 19:18:43 INFO  AddPatient - Entered Patient Address Field
2023-11-28 19:18:45 INFO  AddPatient - Entered Patient Alergy Field
2023-11-28 19:18:46 INFO  AddPatient - Entered Patient History Field
2023-11-28 19:18:47 INFO  AddPatient - Entered Patient Habbits Field
2023-11-28 19:18:49 INFO  AddPatient - Entered Patient Remarks Field
2023-11-28 19:18:51 INFO  AddPatient - Clicked Save Button
2023-11-28 19:18:53 INFO  AddPatient - Assertion Passed
2023-11-28 19:18:58 INFO  AddPatient - Clicked OK Button
2023-11-28 19:19:28 INFO  AddPatient - Opened Android Apk File
2023-11-28 19:19:33 INFO  AddPatient - Entered Username
2023-11-28 19:19:35 INFO  AddPatient - Entered Password
2023-11-28 19:19:38 INFO  AddPatient - Clicked Submit Button
2023-11-28 19:19:42 INFO  AddPatient - HomePage is Displayed
2023-11-28 19:19:42 INFO  AddPatient - Assertion Passed
2023-11-28 19:19:47 INFO  AddPatient - Clicked Menu  Btn
2023-11-28 19:19:50 INFO  AddPatient - Clicked Menu Patient Btn
2023-11-28 19:19:53 INFO  AddPatient - Clicked Add Patient Btn
2023-11-28 19:19:55 INFO  AddPatient - Entered Patient Name Field
2023-11-28 19:19:57 INFO  AddPatient - Entered Patient Phone Number Field
2023-11-28 19:19:59 INFO  AddPatient - Clicked Gender male Btn
2023-11-28 19:20:02 INFO  AddPatient - Clicked Date Of Birth Btn
2023-11-28 19:20:05 INFO  AddPatient - Clicked DOb OK Btn
2023-11-28 19:20:08 INFO  AddPatient - Clicked Blood Group DropDown
2023-11-28 19:20:10 INFO  AddPatient - Clicked Save Button
2023-11-28 19:20:18 INFO  AddPatient - Clicked Add Patient Button
2023-11-28 19:20:19 INFO  AddPatient - Entered Patient Name Field
2023-11-28 19:20:20 INFO  AddPatient - Entered Patient Phone Number Field
2023-11-28 19:20:23 INFO  AddPatient - Clicked Gender male Btn
2023-11-28 19:20:25 INFO  AddPatient - Clicked Date Of Birth Btn
2023-11-28 19:20:28 INFO  AddPatient - Clicked DOb OK Btn
2023-11-28 19:20:32 INFO  AddPatient - Clicked Blood Group DropDown
2023-11-28 19:20:34 INFO  AddPatient - Entered Patient Occupation Field
2023-11-28 19:20:46 INFO  AddPatient - Opened Android Apk File
2023-11-28 19:20:51 INFO  AddPatient - Entered Username
2023-11-28 19:20:53 INFO  AddPatient - Entered Password
2023-11-28 19:20:55 INFO  AddPatient - Clicked Submit Button
2023-11-28 19:20:59 INFO  AddPatient - HomePage is Displayed
2023-11-28 19:20:59 INFO  AddPatient - Assertion Passed
2023-11-28 19:21:06 INFO  AddPatient - Clicked Add Patient Button
2023-11-28 19:21:09 INFO  AddPatient - Entered Patient Name Field
2023-11-28 19:21:10 INFO  AddPatient - Entered Patient Phone Number Field
2023-11-28 19:21:13 INFO  AddPatient - Clicked Gender male Btn
2023-11-28 19:21:16 INFO  AddPatient - Clicked Date Of Birth Btn
2023-11-28 19:21:18 INFO  AddPatient - Clicked DOb OK Btn
2023-11-28 19:21:21 INFO  AddPatient - Clicked Blood Group DropDown
2023-11-28 19:21:22 INFO  AddPatient - Entered Patient Occupation Field
2023-11-28 19:21:25 INFO  AddPatient - Entered Emergency PhoneNo Field
2023-11-28 19:21:26 INFO  AddPatient - Entered Patient Address Field
2023-11-28 19:21:28 INFO  AddPatient - Entered Patient Alergy Field
2023-11-28 19:21:30 INFO  AddPatient - Entered Patient History Field
2023-11-28 19:21:31 INFO  AddPatient - Entered Patient Habbits Field
2023-11-28 19:21:33 INFO  AddPatient - Entered Patient Remarks Field
2023-11-28 19:21:36 INFO  AddPatient - Clicked Save Button
2023-11-28 19:21:38 INFO  AddPatient - Assertion Passed
2023-11-28 19:21:43 INFO  AddPatient - Clicked OK Button
2023-11-28 19:22:30 INFO  AddPatient - Opened Android Apk File
2023-11-28 19:22:34 INFO  AddPatient - Entered Username
2023-11-28 19:22:36 INFO  AddPatient - Entered Password
2023-11-28 19:22:38 INFO  AddPatient - Clicked Submit Button
2023-11-28 19:22:42 INFO  AddPatient - HomePage is Displayed
2023-11-28 19:22:42 INFO  AddPatient - Assertion Passed
2023-11-28 19:22:49 INFO  AddPatient - Clicked Add Patient Button
2023-11-28 19:22:51 INFO  AddPatient - Entered Patient Name Field
2023-11-28 19:22:53 INFO  AddPatient - Entered Patient Phone Number Field
2023-11-28 19:22:55 INFO  AddPatient - Clicked Gender male Btn
2023-11-28 19:22:57 INFO  AddPatient - Clicked Date Of Birth Btn
2023-11-28 19:23:00 INFO  AddPatient - Clicked DOb OK Btn
2023-11-28 19:23:03 INFO  AddPatient - Clicked Blood Group DropDown
2023-11-28 19:23:04 INFO  AddPatient - Entered Patient Occupation Field
2023-11-28 19:23:06 INFO  AddPatient - Entered Emergency PhoneNo Field
2023-11-28 19:23:09 INFO  AddPatient - Entered Patient Address Field
2023-11-28 19:23:10 INFO  AddPatient - Entered Patient Alergy Field
2023-11-28 19:23:12 INFO  AddPatient - Entered Patient History Field
2023-11-28 19:23:14 INFO  AddPatient - Entered Patient Habbits Field
2023-11-28 19:23:16 INFO  AddPatient - Entered Patient Remarks Field
2023-11-28 19:23:19 INFO  AddPatient - Clicked Save Button
2023-11-28 19:23:21 INFO  AddPatient - Assertion Passed
2023-11-28 19:23:27 INFO  AddPatient - Clicked OK Button
2023-11-28 19:23:32 INFO  AddPatient - Clicked Menu  Btn
2023-11-28 19:23:34 INFO  AddPatient - Clicked Menu Patient Btn
2023-11-28 19:23:37 INFO  AddPatient - Clicked Add Patient Btn
2023-11-28 19:23:38 INFO  AddPatient - Entered Patient Name Field
2023-11-28 19:23:39 INFO  AddPatient - Entered Patient Phone Number Field
2023-11-28 19:23:41 INFO  AddPatient - Clicked Gender male Btn
2023-11-28 19:23:44 INFO  AddPatient - Clicked Date Of Birth Btn
2023-11-28 19:23:46 INFO  AddPatient - Clicked DOb OK Btn
2023-11-28 19:23:50 INFO  AddPatient - Clicked Blood Group DropDown
2023-11-28 19:23:53 INFO  AddPatient - Clicked Save Button
2023-11-28 19:24:14 INFO  AddPatient - Opened Android Apk File
2023-11-28 19:24:19 INFO  AddPatient - Entered Username
2023-11-28 19:24:21 INFO  AddPatient - Entered Password
2023-11-28 19:24:24 INFO  AddPatient - Clicked Submit Button
2023-11-28 19:24:27 INFO  AddPatient - HomePage is Displayed
2023-11-28 19:24:27 INFO  AddPatient - Assertion Passed
2023-11-28 19:24:29 INFO  AddPatient - Clicked Add Patient Button
2023-11-28 19:24:31 INFO  AddPatient - Entered Patient Name Field
2023-11-28 19:24:33 INFO  AddPatient - Entered Patient Phone Number Field
2023-11-28 19:24:36 INFO  AddPatient - Clicked Gender male Btn
2023-11-28 19:24:39 INFO  AddPatient - Clicked Date Of Birth Btn
2023-11-28 19:24:41 INFO  AddPatient - Clicked DOb OK Btn
2023-11-28 19:24:44 INFO  AddPatient - Clicked Blood Group DropDown
2023-11-28 19:24:45 INFO  AddPatient - Entered Patient Occupation Field
2023-11-28 19:24:46 INFO  AddPatient - Entered Emergency PhoneNo Field
2023-11-28 19:24:48 INFO  AddPatient - Entered Patient Address Field
2023-11-28 19:24:50 INFO  AddPatient - Entered Patient Alergy Field
2023-11-28 19:24:52 INFO  AddPatient - Entered Patient History Field
2023-11-28 19:24:54 INFO  AddPatient - Entered Patient Habbits Field
2023-11-28 19:24:57 INFO  AddPatient - Entered Patient Remarks Field
2023-11-28 19:24:59 INFO  AddPatient - Clicked Save Button
2023-11-28 19:25:01 INFO  AddPatient - Assertion Passed
2023-11-28 19:25:06 INFO  AddPatient - Clicked OK Button
2023-11-28 19:25:17 INFO  AddPatient - Clicked Menu  Btn
2023-11-28 19:25:19 INFO  AddPatient - Clicked Menu Patient Btn
2023-11-28 19:25:22 INFO  AddPatient - Clicked Add Patient Btn
2023-11-28 19:25:23 INFO  AddPatient - Entered Patient Name Field
2023-11-28 19:25:24 INFO  AddPatient - Entered Patient Phone Number Field
2023-11-28 19:25:26 INFO  AddPatient - Clicked Gender male Btn
2023-11-28 19:25:29 INFO  AddPatient - Clicked Date Of Birth Btn
2023-11-28 19:25:31 INFO  AddPatient - Clicked DOb OK Btn
2023-11-28 19:25:33 INFO  AddPatient - Clicked Blood Group DropDown
2023-11-28 19:25:36 INFO  AddPatient - Clicked Save Button
2023-11-28 19:38:51 INFO  AddPatient - Opened Android Apk File
2023-11-28 19:38:56 INFO  AddPatient - Entered Username
2023-11-28 19:38:58 INFO  AddPatient - Entered Password
2023-11-28 19:39:00 INFO  AddPatient - Clicked Submit Button
2023-11-28 19:39:04 INFO  AddPatient - HomePage is Displayed
2023-11-28 19:39:04 INFO  AddPatient - Assertion Passed
2023-11-28 19:39:06 INFO  AddPatient - Clicked Add Patient Button
2023-11-28 19:39:08 INFO  AddPatient - Entered Patient Name Field
2023-11-28 19:39:10 INFO  AddPatient - Entered Patient Phone Number Field
2023-11-28 19:39:13 INFO  AddPatient - Clicked Gender male Btn
2023-11-28 19:39:15 INFO  AddPatient - Clicked Date Of Birth Btn
2023-11-28 19:39:18 INFO  AddPatient - Clicked DOb OK Btn
2023-11-28 19:39:21 INFO  AddPatient - Clicked Blood Group DropDown
2023-11-28 19:39:22 INFO  AddPatient - Entered Patient Occupation Field
2023-11-28 19:39:24 INFO  AddPatient - Entered Emergency PhoneNo Field
2023-11-28 19:39:26 INFO  AddPatient - Entered Patient Address Field
2023-11-28 19:39:27 INFO  AddPatient - Entered Patient Alergy Field
2023-11-28 19:39:29 INFO  AddPatient - Entered Patient History Field
2023-11-28 19:39:30 INFO  AddPatient - Entered Patient Habbits Field
2023-11-28 19:39:33 INFO  AddPatient - Entered Patient Remarks Field
2023-11-28 19:39:35 INFO  AddPatient - Clicked Save Button
2023-11-28 19:39:37 INFO  AddPatient - Assertion Passed
2023-11-28 19:39:42 INFO  AddPatient - Clicked OK Button
2023-11-28 19:39:58 INFO  AddPatient - Clicked Menu  Btn
2023-11-28 19:40:00 INFO  AddPatient - Clicked Menu Patient Btn
2023-11-28 19:40:02 INFO  AddPatient - Clicked Add Patient Btn
2023-11-28 19:40:04 INFO  AddPatient - Entered Patient Name Field
2023-11-28 19:40:05 INFO  AddPatient - Entered Patient Phone Number Field
2023-11-28 19:40:07 INFO  AddPatient - Clicked Gender male Btn
2023-11-28 19:40:09 INFO  AddPatient - Clicked Date Of Birth Btn
2023-11-28 19:40:12 INFO  AddPatient - Clicked DOb OK Btn
2023-11-28 19:40:14 INFO  AddPatient - Clicked Blood Group DropDown
2023-11-28 19:40:17 INFO  AddPatient - Clicked Save Button
2023-11-28 21:17:21 INFO  LoginTest - Opened Android Apk File
2023-11-28 21:17:26 INFO  LoginTest - Entered Username
2023-11-28 21:17:27 INFO  LoginTest - Entered Password
2023-11-28 21:17:30 INFO  LoginTest - Clicked Submit Button
2023-11-28 21:17:35 INFO  LoginTest - Entered InValid UserName
2023-11-28 21:17:37 INFO  LoginTest - Entered Password
2023-11-28 21:17:40 INFO  LoginTest - Clicked Submit Button
2023-11-28 21:17:42 INFO  LoginTest - Cleared UserName
2023-11-28 21:17:44 INFO  LoginTest - Entered UserName
2023-11-28 21:17:45 INFO  LoginTest - Cleared Password
2023-11-28 21:17:46 INFO  LoginTest - Entered InValid Password
2023-11-28 21:17:49 INFO  LoginTest - Clicked Submit Button
2023-11-28 21:17:50 INFO  LoginTest - Cleared UserName
2023-11-28 21:17:51 INFO  LoginTest - Cleared Password
2023-11-28 21:17:53 INFO  LoginTest - Clicked Submit Button
2023-11-28 21:18:58 INFO  LoginTest - Opened Android Apk File
2023-11-28 21:19:03 INFO  LoginTest - Entered Username
2023-11-28 21:19:04 INFO  LoginTest - Entered Password
2023-11-28 21:19:08 INFO  LoginTest - Clicked Submit Button
2023-11-28 21:19:11 INFO  LoginTest - HomePage is Displayed
2023-11-28 21:19:11 INFO  LoginTest - Assertion Passed
2023-11-28 21:19:13 INFO  LoginTest - Clicked Menu Button
2023-11-28 21:19:17 INFO  LoginTest - Clicked Logout Button
2023-11-28 21:19:20 INFO  LoginTest - LoginPage is Displayed
2023-11-28 21:19:20 INFO  LoginTest - Assertion Passed
2023-11-28 21:19:22 INFO  LoginTest - Entered InValid UserName
2023-11-28 21:19:24 INFO  LoginTest - Entered Password
2023-11-28 21:19:27 INFO  LoginTest - Clicked Submit Button
2023-11-28 21:19:29 INFO  LoginTest - Cleared UserName
2023-11-28 21:19:30 INFO  LoginTest - Entered UserName
2023-11-28 21:19:32 INFO  LoginTest - Cleared Password
2023-11-28 21:19:34 INFO  LoginTest - Entered InValid Password
2023-11-28 21:19:37 INFO  LoginTest - Clicked Submit Button
2023-11-28 21:19:38 INFO  LoginTest - Cleared UserName
2023-11-28 21:19:40 INFO  LoginTest - Cleared Password
2023-11-28 21:19:43 INFO  LoginTest - Clicked Submit Button
2023-11-28 21:21:11 INFO  ToDoListTest - Opened Android Apk File
2023-11-28 21:21:15 INFO  ToDoListTest - Entered Username
2023-11-28 21:21:17 INFO  ToDoListTest - Entered Password
2023-11-28 21:21:20 INFO  ToDoListTest - Clicked Submit Button
2023-11-28 21:21:23 INFO  ToDoListTest - HomePage is Displayed
2023-11-28 21:21:23 INFO  ToDoListTest - Assertion Passed
2023-11-28 21:21:26 INFO  ToDoListTest - Clicked Manage Task
2023-11-28 21:21:28 INFO  ToDoListTest - Clicked Task Plus Btn
2023-11-28 21:21:30 INFO  ToDoListTest - Entered Task name
2023-11-28 21:21:32 INFO  ToDoListTest - Clicked Due Date Btn
2023-11-28 21:21:35 INFO  ToDoListTest - Clicked Due Date OK Btn
2023-11-28 21:21:38 INFO  ToDoListTest - Clicked Add Task Btn
2023-11-29 18:27:31 INFO  ToDoListTest - Opened Android Apk File
2023-11-29 18:27:35 INFO  ToDoListTest - Entered Username
2023-11-29 18:27:37 INFO  ToDoListTest - Entered Password
2023-11-29 18:27:40 INFO  ToDoListTest - Clicked Submit Button
2023-11-29 18:28:54 INFO  ToDoListTest - Opened Android Apk File
2023-11-29 18:28:59 INFO  ToDoListTest - Entered Username
2023-11-29 18:29:01 INFO  ToDoListTest - Entered Password
2023-11-29 18:29:04 INFO  ToDoListTest - Clicked Submit Button
